# JRE version: OpenJDK Runtime Environment Temurin-21.0.9+10 (21.0.9+10) (build 21.0.9+10-LTS)
# Java VM: OpenJDK 64-Bit Server VM Temurin-21.0.9+10 (21.0.9+10-LTS, mixed mode, sharing, tiered, compressed oops, compressed class ptrs, parallel gc, windows-amd64)
GC Precious Log:
 CardTable entry size: 512
 CPUs: 12 total, 12 available
 Memory: 8059M
 Large Page Support: Disabled
 NUMA Support: Disabled
 Compressed Oops: Enabled (32-bit)
 Alignments: Space 512K, Generation 512K, Heap 2M
 Heap Min Capacity: 100M
 Heap Initial Capacity: 100M
 Heap Max Capacity: 2G
 Pre-touch: Disabled
 Parallel Workers: 10
Heap:
 PSYoungGen      total 22016K, used 5433K [0x00000000d5580000, 0x00000000d7200000, 0x0000000100000000)
  eden space 19456K, 24% used [0x00000000d5580000,0x00000000d5a1e428,0x00000000d6880000)
  from space 2560K, 27% used [0x00000000d6d80000,0x00000000d6e30010,0x00000000d7000000)
  to   space 1024K, 0% used [0x00000000d7100000,0x00000000d7100000,0x00000000d7200000)
 ParOldGen       total 68608K, used 54588K [0x0000000080000000, 0x0000000084300000, 0x00000000d5580000)
  object space 68608K, 79% used [0x0000000080000000,0x000000008354f3e8,0x0000000084300000)
 Metaspace       used 56228K, committed 57600K, reserved 1114112K
  class space    used 6607K, committed 7168K, reserved 1048576K
GC Heap History (20 events):
Event: 6.666 GC heap before
{Heap before GC invocations=30 (full 2):
 PSYoungGen      total 23040K, used 22592K [0x00000000d5580000, 0x00000000d6e80000, 0x0000000100000000)
  eden space 20480K, 100% used [0x00000000d5580000,0x00000000d6980000,0x00000000d6980000)
  from space 2560K, 82% used [0x00000000d6980000,0x00000000d6b90010,0x00000000d6c00000)
  to   space 2560K, 0% used [0x00000000d6c00000,0x00000000d6c00000,0x00000000d6e80000)
 ParOldGen       total 68608K, used 34891K [0x0000000080000000, 0x0000000084300000, 0x00000000d5580000)
  object space 68608K, 50% used [0x0000000080000000,0x0000000082212fc0,0x0000000084300000)
 Metaspace       used 44683K, committed 45824K, reserved 1114112K
  class space    used 4862K, committed 5376K, reserved 1048576K
}
Event: 6.669 GC heap after
{Heap after GC invocations=30 (full 2):
 PSYoungGen      total 23040K, used 2349K [0x00000000d5580000, 0x00000000d6e80000, 0x0000000100000000)
  eden space 20480K, 0% used [0x00000000d5580000,0x00000000d5580000,0x00000000d6980000)
  from space 2560K, 91% used [0x00000000d6c00000,0x00000000d6e4b510,0x00000000d6e80000)
  to   space 2560K, 0% used [0x00000000d6980000,0x00000000d6980000,0x00000000d6c00000)
 ParOldGen       total 68608K, used 36844K [0x0000000080000000, 0x0000000084300000, 0x00000000d5580000)
  object space 68608K, 53% used [0x0000000080000000,0x00000000823fb1d0,0x0000000084300000)
 Metaspace       used 44683K, committed 45824K, reserved 1114112K
  class space    used 4862K, committed 5376K, reserved 1048576K
}
Event: 6.822 GC heap before
{Heap before GC invocations=31 (full 2):
 PSYoungGen      total 23040K, used 22829K [0x00000000d5580000, 0x00000000d6e80000, 0x0000000100000000)
  eden space 20480K, 100% used [0x00000000d5580000,0x00000000d6980000,0x00000000d6980000)
  from space 2560K, 91% used [0x00000000d6c00000,0x00000000d6e4b510,0x00000000d6e80000)
  to   space 2560K, 0% used [0x00000000d6980000,0x00000000d6980000,0x00000000d6c00000)
 ParOldGen       total 68608K, used 36844K [0x0000000080000000, 0x0000000084300000, 0x00000000d5580000)
  object space 68608K, 53% used [0x0000000080000000,0x00000000823fb1d0,0x0000000084300000)
 Metaspace       used 46529K, committed 47680K, reserved 1114112K
  class space    used 5139K, committed 5632K, reserved 1048576K
}
Event: 6.826 GC heap after
{Heap after GC invocations=31 (full 2):
 PSYoungGen      total 21504K, used 672K [0x00000000d5580000, 0x00000000d6c80000, 0x0000000100000000)
  eden space 20480K, 0% used [0x00000000d5580000,0x00000000d5580000,0x00000000d6980000)
  from space 1024K, 65% used [0x00000000d6980000,0x00000000d6a28000,0x00000000d6a80000)
  to   space 1536K, 0% used [0x00000000d6b00000,0x00000000d6b00000,0x00000000d6c80000)
 ParOldGen       total 68608K, used 39093K [0x0000000080000000, 0x0000000084300000, 0x00000000d5580000)
  object space 68608K, 56% used [0x0000000080000000,0x000000008262d6f0,0x0000000084300000)
 Metaspace       used 46529K, committed 47680K, reserved 1114112K
  class space    used 5139K, committed 5632K, reserved 1048576K
}
Event: 7.002 GC heap before
{Heap before GC invocations=32 (full 2):
 PSYoungGen      total 21504K, used 21151K [0x00000000d5580000, 0x00000000d6c80000, 0x0000000100000000)
  eden space 20480K, 99% used [0x00000000d5580000,0x00000000d697ffd8,0x00000000d6980000)
  from space 1024K, 65% used [0x00000000d6980000,0x00000000d6a28000,0x00000000d6a80000)
  to   space 1536K, 0% used [0x00000000d6b00000,0x00000000d6b00000,0x00000000d6c80000)
 ParOldGen       total 68608K, used 39093K [0x0000000080000000, 0x0000000084300000, 0x00000000d5580000)
  object space 68608K, 56% used [0x0000000080000000,0x000000008262d6f0,0x0000000084300000)
 Metaspace       used 47891K, committed 49024K, reserved 1114112K
  class space    used 5338K, committed 5824K, reserved 1048576K
}
Event: 7.004 GC heap after
{Heap after GC invocations=32 (full 2):
 PSYoungGen      total 20992K, used 1529K [0x00000000d5580000, 0x00000000d6e80000, 0x0000000100000000)
  eden space 19456K, 0% used [0x00000000d5580000,0x00000000d5580000,0x00000000d6880000)
  from space 1536K, 99% used [0x00000000d6b00000,0x00000000d6c7e508,0x00000000d6c80000)
  to   space 2560K, 0% used [0x00000000d6880000,0x00000000d6880000,0x00000000d6b00000)
 ParOldGen       total 68608K, used 39627K [0x0000000080000000, 0x0000000084300000, 0x00000000d5580000)
  object space 68608K, 57% used [0x0000000080000000,0x00000000826b2f70,0x0000000084300000)
 Metaspace       used 47891K, committed 49024K, reserved 1114112K
  class space    used 5338K, committed 5824K, reserved 1048576K
}
Event: 7.129 GC heap before
{Heap before GC invocations=33 (full 2):
 PSYoungGen      total 20992K, used 20985K [0x00000000d5580000, 0x00000000d6e80000, 0x0000000100000000)
  eden space 19456K, 99% used [0x00000000d5580000,0x00000000d687ffe8,0x00000000d6880000)
  from space 1536K, 99% used [0x00000000d6b00000,0x00000000d6c7e508,0x00000000d6c80000)
  to   space 2560K, 0% used [0x00000000d6880000,0x00000000d6880000,0x00000000d6b00000)
 ParOldGen       total 68608K, used 39627K [0x0000000080000000, 0x0000000084300000, 0x00000000d5580000)
  object space 68608K, 57% used [0x0000000080000000,0x00000000826b2f70,0x0000000084300000)
 Metaspace       used 48686K, committed 49856K, reserved 1114112K
  class space    used 5428K, committed 5888K, reserved 1048576K
}
Event: 7.133 GC heap after
{Heap after GC invocations=33 (full 2):
 PSYoungGen      total 22016K, used 2559K [0x00000000d5580000, 0x00000000d7d80000, 0x0000000100000000)
  eden space 19456K, 0% used [0x00000000d5580000,0x00000000d5580000,0x00000000d6880000)
  from space 2560K, 99% used [0x00000000d6880000,0x00000000d6affd68,0x00000000d6b00000)
  to   space 10752K, 0% used [0x00000000d7300000,0x00000000d7300000,0x00000000d7d80000)
 ParOldGen       total 68608K, used 46081K [0x0000000080000000, 0x0000000084300000, 0x00000000d5580000)
  object space 68608K, 67% used [0x0000000080000000,0x0000000082d005c0,0x0000000084300000)
 Metaspace       used 48686K, committed 49856K, reserved 1114112K
  class space    used 5428K, committed 5888K, reserved 1048576K
}
Event: 7.269 GC heap before
{Heap before GC invocations=34 (full 2):
 PSYoungGen      total 22016K, used 22014K [0x00000000d5580000, 0x00000000d7d80000, 0x0000000100000000)
  eden space 19456K, 99% used [0x00000000d5580000,0x00000000d687fda8,0x00000000d6880000)
  from space 2560K, 99% used [0x00000000d6880000,0x00000000d6affd68,0x00000000d6b00000)
  to   space 10752K, 0% used [0x00000000d7300000,0x00000000d7300000,0x00000000d7d80000)
 ParOldGen       total 68608K, used 46081K [0x0000000080000000, 0x0000000084300000, 0x00000000d5580000)
  object space 68608K, 67% used [0x0000000080000000,0x0000000082d005c0,0x0000000084300000)
 Metaspace       used 49801K, committed 51072K, reserved 1114112K
  class space    used 5587K, committed 6144K, reserved 1048576K
}
Event: 7.271 GC heap after
{Heap after GC invocations=34 (full 2):
 PSYoungGen      total 19968K, used 480K [0x00000000d5580000, 0x00000000d7380000, 0x0000000100000000)
  eden space 19456K, 0% used [0x00000000d5580000,0x00000000d5580000,0x00000000d6880000)
  from space 512K, 93% used [0x00000000d7300000,0x00000000d7378000,0x00000000d7380000)
  to   space 3584K, 0% used [0x00000000d6c80000,0x00000000d6c80000,0x00000000d7000000)
 ParOldGen       total 68608K, used 48487K [0x0000000080000000, 0x0000000084300000, 0x00000000d5580000)
  object space 68608K, 70% used [0x0000000080000000,0x0000000082f59ff0,0x0000000084300000)
 Metaspace       used 49801K, committed 51072K, reserved 1114112K
  class space    used 5587K, committed 6144K, reserved 1048576K
}
Event: 7.476 GC heap before
{Heap before GC invocations=35 (full 2):
 PSYoungGen      total 19968K, used 19936K [0x00000000d5580000, 0x00000000d7380000, 0x0000000100000000)
  eden space 19456K, 100% used [0x00000000d5580000,0x00000000d6880000,0x00000000d6880000)
  from space 512K, 93% used [0x00000000d7300000,0x00000000d7378000,0x00000000d7380000)
  to   space 3584K, 0% used [0x00000000d6c80000,0x00000000d6c80000,0x00000000d7000000)
 ParOldGen       total 68608K, used 48487K [0x0000000080000000, 0x0000000084300000, 0x00000000d5580000)
  object space 68608K, 70% used [0x0000000080000000,0x0000000082f59ff0,0x0000000084300000)
 Metaspace       used 51394K, committed 52672K, reserved 1114112K
  class space    used 5827K, committed 6400K, reserved 1048576K
}
Event: 7.477 GC heap after
{Heap after GC invocations=35 (full 2):
 PSYoungGen      total 23040K, used 960K [0x00000000d5580000, 0x00000000d7380000, 0x0000000100000000)
  eden space 19456K, 0% used [0x00000000d5580000,0x00000000d5580000,0x00000000d6880000)
  from space 3584K, 26% used [0x00000000d6c80000,0x00000000d6d70000,0x00000000d7000000)
  to   space 1536K, 0% used [0x00000000d7200000,0x00000000d7200000,0x00000000d7380000)
 ParOldGen       total 68608K, used 48860K [0x0000000080000000, 0x0000000084300000, 0x00000000d5580000)
  object space 68608K, 71% used [0x0000000080000000,0x0000000082fb7200,0x0000000084300000)
 Metaspace       used 51394K, committed 52672K, reserved 1114112K
  class space    used 5827K, committed 6400K, reserved 1048576K
}
Event: 7.712 GC heap before
{Heap before GC invocations=36 (full 2):
 PSYoungGen      total 23040K, used 20416K [0x00000000d5580000, 0x00000000d7380000, 0x0000000100000000)
  eden space 19456K, 100% used [0x00000000d5580000,0x00000000d6880000,0x00000000d6880000)
  from space 3584K, 26% used [0x00000000d6c80000,0x00000000d6d70000,0x00000000d7000000)
  to   space 1536K, 0% used [0x00000000d7200000,0x00000000d7200000,0x00000000d7380000)
 ParOldGen       total 68608K, used 48860K [0x0000000080000000, 0x0000000084300000, 0x00000000d5580000)
  object space 68608K, 71% used [0x0000000080000000,0x0000000082fb7200,0x0000000084300000)
 Metaspace       used 51785K, committed 53056K, reserved 1114112K
  class space    used 5875K, committed 6464K, reserved 1048576K
}
Event: 7.713 GC heap after
{Heap after GC invocations=36 (full 2):
 PSYoungGen      total 19968K, used 480K [0x00000000d5580000, 0x00000000d7280000, 0x0000000100000000)
  eden space 19456K, 0% used [0x00000000d5580000,0x00000000d5580000,0x00000000d6880000)
  from space 512K, 93% used [0x00000000d7200000,0x00000000d7278000,0x00000000d7280000)
  to   space 1024K, 0% used [0x00000000d7080000,0x00000000d7080000,0x00000000d7180000)
 ParOldGen       total 68608K, used 49650K [0x0000000080000000, 0x0000000084300000, 0x00000000d5580000)
  object space 68608K, 72% used [0x0000000080000000,0x000000008307c9e8,0x0000000084300000)
 Metaspace       used 51785K, committed 53056K, reserved 1114112K
  class space    used 5875K, committed 6464K, reserved 1048576K
}
Event: 7.935 GC heap before
{Heap before GC invocations=37 (full 2):
 PSYoungGen      total 19968K, used 19936K [0x00000000d5580000, 0x00000000d7280000, 0x0000000100000000)
  eden space 19456K, 100% used [0x00000000d5580000,0x00000000d6880000,0x00000000d6880000)
  from space 512K, 93% used [0x00000000d7200000,0x00000000d7278000,0x00000000d7280000)
  to   space 1024K, 0% used [0x00000000d7080000,0x00000000d7080000,0x00000000d7180000)
 ParOldGen       total 68608K, used 49650K [0x0000000080000000, 0x0000000084300000, 0x00000000d5580000)
  object space 68608K, 72% used [0x0000000080000000,0x000000008307c9e8,0x0000000084300000)
 Metaspace       used 51857K, committed 53184K, reserved 1114112K
  class space    used 5880K, committed 6464K, reserved 1048576K
}
Event: 7.937 GC heap after
{Heap after GC invocations=37 (full 2):
 PSYoungGen      total 20480K, used 1014K [0x00000000d5580000, 0x00000000d7280000, 0x0000000100000000)
  eden space 19456K, 0% used [0x00000000d5580000,0x00000000d5580000,0x00000000d6880000)
  from space 1024K, 99% used [0x00000000d7080000,0x00000000d717db58,0x00000000d7180000)
  to   space 1024K, 0% used [0x00000000d7180000,0x00000000d7180000,0x00000000d7280000)
 ParOldGen       total 68608K, used 52827K [0x0000000080000000, 0x0000000084300000, 0x00000000d5580000)
  object space 68608K, 76% used [0x0000000080000000,0x0000000083396e20,0x0000000084300000)
 Metaspace       used 51857K, committed 53184K, reserved 1114112K
  class space    used 5880K, committed 6464K, reserved 1048576K
}
Event: 8.214 GC heap before
{Heap before GC invocations=38 (full 2):
 PSYoungGen      total 20480K, used 20470K [0x00000000d5580000, 0x00000000d7280000, 0x0000000100000000)
  eden space 19456K, 100% used [0x00000000d5580000,0x00000000d6880000,0x00000000d6880000)
  from space 1024K, 99% used [0x00000000d7080000,0x00000000d717db58,0x00000000d7180000)
  to   space 1024K, 0% used [0x00000000d7180000,0x00000000d7180000,0x00000000d7280000)
 ParOldGen       total 68608K, used 52827K [0x0000000080000000, 0x0000000084300000, 0x00000000d5580000)
  object space 68608K, 76% used [0x0000000080000000,0x0000000083396e20,0x0000000084300000)
 Metaspace       used 53522K, committed 54848K, reserved 1114112K
  class space    used 6186K, committed 6784K, reserved 1048576K
}
Event: 8.215 GC heap after
{Heap after GC invocations=38 (full 2):
 PSYoungGen      total 20480K, used 864K [0x00000000d5580000, 0x00000000d7280000, 0x0000000100000000)
  eden space 19456K, 0% used [0x00000000d5580000,0x00000000d5580000,0x00000000d6880000)
  from space 1024K, 84% used [0x00000000d7180000,0x00000000d7258020,0x00000000d7280000)
  to   space 2560K, 0% used [0x00000000d6d80000,0x00000000d6d80000,0x00000000d7000000)
 ParOldGen       total 68608K, used 53820K [0x0000000080000000, 0x0000000084300000, 0x00000000d5580000)
  object space 68608K, 78% used [0x0000000080000000,0x000000008348f3b8,0x0000000084300000)
 Metaspace       used 53522K, committed 54848K, reserved 1114112K
  class space    used 6186K, committed 6784K, reserved 1048576K
}
Event: 8.445 GC heap before
{Heap before GC invocations=39 (full 2):
 PSYoungGen      total 20480K, used 20317K [0x00000000d5580000, 0x00000000d7280000, 0x0000000100000000)
  eden space 19456K, 99% used [0x00000000d5580000,0x00000000d687f590,0x00000000d6880000)
  from space 1024K, 84% used [0x00000000d7180000,0x00000000d7258020,0x00000000d7280000)
  to   space 2560K, 0% used [0x00000000d6d80000,0x00000000d6d80000,0x00000000d7000000)
 ParOldGen       total 68608K, used 53820K [0x0000000080000000, 0x0000000084300000, 0x00000000d5580000)
  object space 68608K, 78% used [0x0000000080000000,0x000000008348f3b8,0x0000000084300000)
 Metaspace       used 55544K, committed 56896K, reserved 1114112K
  class space    used 6539K, committed 7104K, reserved 1048576K
}
Event: 8.447 GC heap after
{Heap after GC invocations=39 (full 2):
 PSYoungGen      total 22016K, used 704K [0x00000000d5580000, 0x00000000d7200000, 0x0000000100000000)
  eden space 19456K, 0% used [0x00000000d5580000,0x00000000d5580000,0x00000000d6880000)
  from space 2560K, 27% used [0x00000000d6d80000,0x00000000d6e30010,0x00000000d7000000)
  to   space 1024K, 0% used [0x00000000d7100000,0x00000000d7100000,0x00000000d7200000)
 ParOldGen       total 68608K, used 54588K [0x0000000080000000, 0x0000000084300000, 0x00000000d5580000)
  object space 68608K, 79% used [0x0000000080000000,0x000000008354f3e8,0x0000000084300000)
 Metaspace       used 55544K, committed 56896K, reserved 1114112K
  class space    used 6539K, committed 7104K, reserved 1048576K
}

