# JRE version: OpenJDK Runtime Environment Temurin-21.0.9+10 (21.0.9+10) (build 21.0.9+10-LTS)
# Java VM: OpenJDK 64-Bit Server VM Temurin-21.0.9+10 (21.0.9+10-LTS, mixed mode, sharing, tiered, compressed oops, compressed class ptrs, parallel gc, windows-amd64)
GC Precious Log:
 CardTable entry size: 512
 CPUs: 12 total, 12 available
 Memory: 8059M
 Large Page Support: Disabled
 NUMA Support: Disabled
 Compressed Oops: Enabled (32-bit)
 Alignments: Space 512K, Generation 512K, Heap 2M
 Heap Min Capacity: 100M
 Heap Initial Capacity: 100M
 Heap Max Capacity: 2G
 Pre-touch: Disabled
 Parallel Workers: 10
Heap:
 PSYoungGen      total 10752K, used 7598K [0x00000000d5580000, 0x00000000d6400000, 0x0000000100000000)
  eden space 9728K, 67% used [0x00000000d5580000,0x00000000d5bed928,0x00000000d5f00000)
  from space 1024K, 99% used [0x00000000d5f00000,0x00000000d5ffdf38,0x00000000d6000000)
  to   space 2560K, 0% used [0x00000000d6180000,0x00000000d6180000,0x00000000d6400000)
 ParOldGen       total 166400K, used 165961K [0x0000000080000000, 0x000000008a280000, 0x00000000d5580000)
  object space 166400K, 99% used [0x0000000080000000,0x000000008a212670,0x000000008a280000)
 Metaspace       used 71844K, committed 73344K, reserved 1114112K
  class space    used 8887K, committed 9600K, reserved 1048576K
GC Heap History (20 events):
Event: 81.369 GC heap before
{Heap before GC invocations=170 (full 3):
 PSYoungGen      total 11776K, used 11296K [0x00000000d5580000, 0x00000000d6280000, 0x0000000100000000)
  eden space 10240K, 100% used [0x00000000d5580000,0x00000000d5f80000,0x00000000d5f80000)
  from space 1536K, 68% used [0x00000000d6100000,0x00000000d6208000,0x00000000d6280000)
  to   space 1536K, 0% used [0x00000000d5f80000,0x00000000d5f80000,0x00000000d6100000)
 ParOldGen       total 156672K, used 156572K [0x0000000080000000, 0x0000000089900000, 0x00000000d5580000)
  object space 156672K, 99% used [0x0000000080000000,0x00000000898e7018,0x0000000089900000)
 Metaspace       used 71824K, committed 73344K, reserved 1114112K
  class space    used 8885K, committed 9600K, reserved 1048576K
}
Event: 81.371 GC heap after
{Heap after GC invocations=170 (full 3):
 PSYoungGen      total 11776K, used 1024K [0x00000000d5580000, 0x00000000d6280000, 0x0000000100000000)
  eden space 10240K, 0% used [0x00000000d5580000,0x00000000d5580000,0x00000000d5f80000)
  from space 1536K, 66% used [0x00000000d5f80000,0x00000000d6080000,0x00000000d6100000)
  to   space 1536K, 0% used [0x00000000d6100000,0x00000000d6100000,0x00000000d6280000)
 ParOldGen       total 157696K, used 157452K [0x0000000080000000, 0x0000000089a00000, 0x00000000d5580000)
  object space 157696K, 99% used [0x0000000080000000,0x00000000899c3018,0x0000000089a00000)
 Metaspace       used 71824K, committed 73344K, reserved 1114112K
  class space    used 8885K, committed 9600K, reserved 1048576K
}
Event: 81.520 GC heap before
{Heap before GC invocations=171 (full 3):
 PSYoungGen      total 11776K, used 11264K [0x00000000d5580000, 0x00000000d6280000, 0x0000000100000000)
  eden space 10240K, 100% used [0x00000000d5580000,0x00000000d5f80000,0x00000000d5f80000)
  from space 1536K, 66% used [0x00000000d5f80000,0x00000000d6080000,0x00000000d6100000)
  to   space 1536K, 0% used [0x00000000d6100000,0x00000000d6100000,0x00000000d6280000)
 ParOldGen       total 157696K, used 157452K [0x0000000080000000, 0x0000000089a00000, 0x00000000d5580000)
  object space 157696K, 99% used [0x0000000080000000,0x00000000899c3018,0x0000000089a00000)
 Metaspace       used 71824K, committed 73344K, reserved 1114112K
  class space    used 8885K, committed 9600K, reserved 1048576K
}
Event: 81.522 GC heap after
{Heap after GC invocations=171 (full 3):
 PSYoungGen      total 11264K, used 928K [0x00000000d5580000, 0x00000000d6200000, 0x0000000100000000)
  eden space 10240K, 0% used [0x00000000d5580000,0x00000000d5580000,0x00000000d5f80000)
  from space 1024K, 90% used [0x00000000d6100000,0x00000000d61e8000,0x00000000d6200000)
  to   space 1024K, 0% used [0x00000000d6000000,0x00000000d6000000,0x00000000d6100000)
 ParOldGen       total 158720K, used 158324K [0x0000000080000000, 0x0000000089b00000, 0x00000000d5580000)
  object space 158720K, 99% used [0x0000000080000000,0x0000000089a9d018,0x0000000089b00000)
 Metaspace       used 71824K, committed 73344K, reserved 1114112K
  class space    used 8885K, committed 9600K, reserved 1048576K
}
Event: 81.645 GC heap before
{Heap before GC invocations=172 (full 3):
 PSYoungGen      total 11264K, used 11168K [0x00000000d5580000, 0x00000000d6200000, 0x0000000100000000)
  eden space 10240K, 100% used [0x00000000d5580000,0x00000000d5f80000,0x00000000d5f80000)
  from space 1024K, 90% used [0x00000000d6100000,0x00000000d61e8000,0x00000000d6200000)
  to   space 1024K, 0% used [0x00000000d6000000,0x00000000d6000000,0x00000000d6100000)
 ParOldGen       total 158720K, used 158324K [0x0000000080000000, 0x0000000089b00000, 0x00000000d5580000)
  object space 158720K, 99% used [0x0000000080000000,0x0000000089a9d018,0x0000000089b00000)
 Metaspace       used 71824K, committed 73344K, reserved 1114112K
  class space    used 8885K, committed 9600K, reserved 1048576K
}
Event: 81.647 GC heap after
{Heap after GC invocations=172 (full 3):
 PSYoungGen      total 11264K, used 992K [0x00000000d5580000, 0x00000000d6180000, 0x0000000100000000)
  eden space 10240K, 0% used [0x00000000d5580000,0x00000000d5580000,0x00000000d5f80000)
  from space 1024K, 96% used [0x00000000d6000000,0x00000000d60f8000,0x00000000d6100000)
  to   space 512K, 0% used [0x00000000d6100000,0x00000000d6100000,0x00000000d6180000)
 ParOldGen       total 159232K, used 159172K [0x0000000080000000, 0x0000000089b80000, 0x00000000d5580000)
  object space 159232K, 99% used [0x0000000080000000,0x0000000089b71018,0x0000000089b80000)
 Metaspace       used 71824K, committed 73344K, reserved 1114112K
  class space    used 8885K, committed 9600K, reserved 1048576K
}
Event: 81.771 GC heap before
{Heap before GC invocations=173 (full 3):
 PSYoungGen      total 11264K, used 11232K [0x00000000d5580000, 0x00000000d6180000, 0x0000000100000000)
  eden space 10240K, 100% used [0x00000000d5580000,0x00000000d5f80000,0x00000000d5f80000)
  from space 1024K, 96% used [0x00000000d6000000,0x00000000d60f8000,0x00000000d6100000)
  to   space 512K, 0% used [0x00000000d6100000,0x00000000d6100000,0x00000000d6180000)
 ParOldGen       total 159232K, used 159172K [0x0000000080000000, 0x0000000089b80000, 0x00000000d5580000)
  object space 159232K, 99% used [0x0000000080000000,0x0000000089b71018,0x0000000089b80000)
 Metaspace       used 71824K, committed 73344K, reserved 1114112K
  class space    used 8885K, committed 9600K, reserved 1048576K
}
Event: 81.773 GC heap after
{Heap after GC invocations=173 (full 3):
 PSYoungGen      total 10240K, used 512K [0x00000000d5580000, 0x00000000d6380000, 0x0000000100000000)
  eden space 9728K, 0% used [0x00000000d5580000,0x00000000d5580000,0x00000000d5f00000)
  from space 512K, 100% used [0x00000000d6100000,0x00000000d6180000,0x00000000d6180000)
  to   space 2048K, 0% used [0x00000000d5f00000,0x00000000d5f00000,0x00000000d6100000)
 ParOldGen       total 160768K, used 160388K [0x0000000080000000, 0x0000000089d00000, 0x00000000d5580000)
  object space 160768K, 99% used [0x0000000080000000,0x0000000089ca1018,0x0000000089d00000)
 Metaspace       used 71824K, committed 73344K, reserved 1114112K
  class space    used 8885K, committed 9600K, reserved 1048576K
}
Event: 81.911 GC heap before
{Heap before GC invocations=174 (full 3):
 PSYoungGen      total 10240K, used 10240K [0x00000000d5580000, 0x00000000d6380000, 0x0000000100000000)
  eden space 9728K, 100% used [0x00000000d5580000,0x00000000d5f00000,0x00000000d5f00000)
  from space 512K, 100% used [0x00000000d6100000,0x00000000d6180000,0x00000000d6180000)
  to   space 2048K, 0% used [0x00000000d5f00000,0x00000000d5f00000,0x00000000d6100000)
 ParOldGen       total 160768K, used 160388K [0x0000000080000000, 0x0000000089d00000, 0x00000000d5580000)
  object space 160768K, 99% used [0x0000000080000000,0x0000000089ca1018,0x0000000089d00000)
 Metaspace       used 71835K, committed 73344K, reserved 1114112K
  class space    used 8887K, committed 9600K, reserved 1048576K
}
Event: 81.913 GC heap after
{Heap after GC invocations=174 (full 3):
 PSYoungGen      total 10752K, used 960K [0x00000000d5580000, 0x00000000d6200000, 0x0000000100000000)
  eden space 9728K, 0% used [0x00000000d5580000,0x00000000d5580000,0x00000000d5f00000)
  from space 1024K, 93% used [0x00000000d5f00000,0x00000000d5ff0000,0x00000000d6000000)
  to   space 1536K, 0% used [0x00000000d6080000,0x00000000d6080000,0x00000000d6200000)
 ParOldGen       total 161280K, used 160913K [0x0000000080000000, 0x0000000089d80000, 0x00000000d5580000)
  object space 161280K, 99% used [0x0000000080000000,0x0000000089d24650,0x0000000089d80000)
 Metaspace       used 71835K, committed 73344K, reserved 1114112K
  class space    used 8887K, committed 9600K, reserved 1048576K
}
Event: 82.055 GC heap before
{Heap before GC invocations=175 (full 3):
 PSYoungGen      total 10752K, used 10688K [0x00000000d5580000, 0x00000000d6200000, 0x0000000100000000)
  eden space 9728K, 100% used [0x00000000d5580000,0x00000000d5f00000,0x00000000d5f00000)
  from space 1024K, 93% used [0x00000000d5f00000,0x00000000d5ff0000,0x00000000d6000000)
  to   space 1536K, 0% used [0x00000000d6080000,0x00000000d6080000,0x00000000d6200000)
 ParOldGen       total 161280K, used 160913K [0x0000000080000000, 0x0000000089d80000, 0x00000000d5580000)
  object space 161280K, 99% used [0x0000000080000000,0x0000000089d24650,0x0000000089d80000)
 Metaspace       used 71835K, committed 73344K, reserved 1114112K
  class space    used 8887K, committed 9600K, reserved 1048576K
}
Event: 82.059 GC heap after
{Heap after GC invocations=175 (full 3):
 PSYoungGen      total 10752K, used 896K [0x00000000d5580000, 0x00000000d6180000, 0x0000000100000000)
  eden space 9728K, 0% used [0x00000000d5580000,0x00000000d5580000,0x00000000d5f00000)
  from space 1024K, 87% used [0x00000000d6080000,0x00000000d6160000,0x00000000d6180000)
  to   space 1024K, 0% used [0x00000000d5f00000,0x00000000d5f00000,0x00000000d6000000)
 ParOldGen       total 161792K, used 161757K [0x0000000080000000, 0x0000000089e00000, 0x00000000d5580000)
  object space 161792K, 99% used [0x0000000080000000,0x0000000089df7660,0x0000000089e00000)
 Metaspace       used 71835K, committed 73344K, reserved 1114112K
  class space    used 8887K, committed 9600K, reserved 1048576K
}
Event: 82.285 GC heap before
{Heap before GC invocations=176 (full 3):
 PSYoungGen      total 10752K, used 10624K [0x00000000d5580000, 0x00000000d6180000, 0x0000000100000000)
  eden space 9728K, 100% used [0x00000000d5580000,0x00000000d5f00000,0x00000000d5f00000)
  from space 1024K, 87% used [0x00000000d6080000,0x00000000d6160000,0x00000000d6180000)
  to   space 1024K, 0% used [0x00000000d5f00000,0x00000000d5f00000,0x00000000d6000000)
 ParOldGen       total 161792K, used 161757K [0x0000000080000000, 0x0000000089e00000, 0x00000000d5580000)
  object space 161792K, 99% used [0x0000000080000000,0x0000000089df7660,0x0000000089e00000)
 Metaspace       used 71835K, committed 73344K, reserved 1114112K
  class space    used 8887K, committed 9600K, reserved 1048576K
}
Event: 82.288 GC heap after
{Heap after GC invocations=176 (full 3):
 PSYoungGen      total 10752K, used 896K [0x00000000d5580000, 0x00000000d6100000, 0x0000000100000000)
  eden space 9728K, 0% used [0x00000000d5580000,0x00000000d5580000,0x00000000d5f00000)
  from space 1024K, 87% used [0x00000000d5f00000,0x00000000d5fe0000,0x00000000d6000000)
  to   space 1024K, 0% used [0x00000000d6000000,0x00000000d6000000,0x00000000d6100000)
 ParOldGen       total 162816K, used 162557K [0x0000000080000000, 0x0000000089f00000, 0x00000000d5580000)
  object space 162816K, 99% used [0x0000000080000000,0x0000000089ebf660,0x0000000089f00000)
 Metaspace       used 71835K, committed 73344K, reserved 1114112K
  class space    used 8887K, committed 9600K, reserved 1048576K
}
Event: 82.563 GC heap before
{Heap before GC invocations=177 (full 3):
 PSYoungGen      total 10752K, used 10624K [0x00000000d5580000, 0x00000000d6100000, 0x0000000100000000)
  eden space 9728K, 100% used [0x00000000d5580000,0x00000000d5f00000,0x00000000d5f00000)
  from space 1024K, 87% used [0x00000000d5f00000,0x00000000d5fe0000,0x00000000d6000000)
  to   space 1024K, 0% used [0x00000000d6000000,0x00000000d6000000,0x00000000d6100000)
 ParOldGen       total 162816K, used 162557K [0x0000000080000000, 0x0000000089f00000, 0x00000000d5580000)
  object space 162816K, 99% used [0x0000000080000000,0x0000000089ebf660,0x0000000089f00000)
 Metaspace       used 71835K, committed 73344K, reserved 1114112K
  class space    used 8887K, committed 9600K, reserved 1048576K
}
Event: 82.566 GC heap after
{Heap after GC invocations=177 (full 3):
 PSYoungGen      total 10752K, used 1004K [0x00000000d5580000, 0x00000000d6100000, 0x0000000100000000)
  eden space 9728K, 0% used [0x00000000d5580000,0x00000000d5580000,0x00000000d5f00000)
  from space 1024K, 98% used [0x00000000d6000000,0x00000000d60fb010,0x00000000d6100000)
  to   space 1024K, 0% used [0x00000000d5f00000,0x00000000d5f00000,0x00000000d6000000)
 ParOldGen       total 163840K, used 163357K [0x0000000080000000, 0x000000008a000000, 0x00000000d5580000)
  object space 163840K, 99% used [0x0000000080000000,0x0000000089f87660,0x000000008a000000)
 Metaspace       used 71835K, committed 73344K, reserved 1114112K
  class space    used 8887K, committed 9600K, reserved 1048576K
}
Event: 82.769 GC heap before
{Heap before GC invocations=178 (full 3):
 PSYoungGen      total 10752K, used 10732K [0x00000000d5580000, 0x00000000d6100000, 0x0000000100000000)
  eden space 9728K, 100% used [0x00000000d5580000,0x00000000d5f00000,0x00000000d5f00000)
  from space 1024K, 98% used [0x00000000d6000000,0x00000000d60fb010,0x00000000d6100000)
  to   space 1024K, 0% used [0x00000000d5f00000,0x00000000d5f00000,0x00000000d6000000)
 ParOldGen       total 163840K, used 163357K [0x0000000080000000, 0x000000008a000000, 0x00000000d5580000)
  object space 163840K, 99% used [0x0000000080000000,0x0000000089f87660,0x000000008a000000)
 Metaspace       used 71835K, committed 73344K, reserved 1114112K
  class space    used 8887K, committed 9600K, reserved 1048576K
}
Event: 82.771 GC heap after
{Heap after GC invocations=178 (full 3):
 PSYoungGen      total 10752K, used 896K [0x00000000d5580000, 0x00000000d6100000, 0x0000000100000000)
  eden space 9728K, 0% used [0x00000000d5580000,0x00000000d5580000,0x00000000d5f00000)
  from space 1024K, 87% used [0x00000000d5f00000,0x00000000d5fe0000,0x00000000d6000000)
  to   space 1024K, 0% used [0x00000000d6000000,0x00000000d6000000,0x00000000d6100000)
 ParOldGen       total 164352K, used 164273K [0x0000000080000000, 0x000000008a080000, 0x00000000d5580000)
  object space 164352K, 99% used [0x0000000080000000,0x000000008a06c670,0x000000008a080000)
 Metaspace       used 71835K, committed 73344K, reserved 1114112K
  class space    used 8887K, committed 9600K, reserved 1048576K
}
Event: 82.885 GC heap before
{Heap before GC invocations=179 (full 3):
 PSYoungGen      total 10752K, used 10624K [0x00000000d5580000, 0x00000000d6100000, 0x0000000100000000)
  eden space 9728K, 100% used [0x00000000d5580000,0x00000000d5f00000,0x00000000d5f00000)
  from space 1024K, 87% used [0x00000000d5f00000,0x00000000d5fe0000,0x00000000d6000000)
  to   space 1024K, 0% used [0x00000000d6000000,0x00000000d6000000,0x00000000d6100000)
 ParOldGen       total 164352K, used 164273K [0x0000000080000000, 0x000000008a080000, 0x00000000d5580000)
  object space 164352K, 99% used [0x0000000080000000,0x000000008a06c670,0x000000008a080000)
 Metaspace       used 71835K, committed 73344K, reserved 1114112K
  class space    used 8887K, committed 9600K, reserved 1048576K
}
Event: 82.887 GC heap after
{Heap after GC invocations=179 (full 3):
 PSYoungGen      total 10752K, used 928K [0x00000000d5580000, 0x00000000d6100000, 0x0000000100000000)
  eden space 9728K, 0% used [0x00000000d5580000,0x00000000d5580000,0x00000000d5f00000)
  from space 1024K, 90% used [0x00000000d6000000,0x00000000d60e8000,0x00000000d6100000)
  to   space 1024K, 0% used [0x00000000d5f00000,0x00000000d5f00000,0x00000000d6000000)
 ParOldGen       total 165376K, used 165049K [0x0000000080000000, 0x000000008a180000, 0x00000000d5580000)
  object space 165376K, 99% used [0x0000000080000000,0x000000008a12e670,0x000000008a180000)
 Metaspace       used 71835K, committed 73344K, reserved 1114112K
  class space    used 8887K, committed 9600K, reserved 1048576K
}

