# JRE version: Java(TM) SE Runtime Environment (17.0.12+8) (build 17.0.12+8-LTS-286)
# Java VM: Java HotSpot(TM) 64-Bit Server VM (17.0.12+8-LTS-286, mixed mode, sharing, tiered, compressed oops, compressed class ptrs, g1 gc, windows-amd64)
GC Precious Log:
 CPUs: 12 total, 12 available
 Memory: 8059M
 Large Page Support: Disabled
 NUMA Support: Disabled
 Compressed Oops: Enabled (32-bit)
 Heap Region Size: 1M
 Heap Min Capacity: 8M
 Heap Initial Capacity: 126M
 Heap Max Capacity: 2G
 Pre-touch: Disabled
 Parallel Workers: 10
 Concurrent Workers: 3
 Concurrent Refinement Workers: 10
 Periodic GC: Disabled
Heap:
 garbage-first heap   total 122880K, used 98922K [0x0000000080000000, 0x0000000100000000)
  region size 1024K, 33 young (33792K), 5 survivors (5120K)
 Metaspace       used 64370K, committed 65152K, reserved 491520K
  class space    used 9088K, committed 9408K, reserved 425984K
GC Heap History (20 events):
Event: 5.842 GC heap before
{Heap before GC invocations=7 (full 0):
 garbage-first heap   total 96256K, used 69500K [0x0000000080000000, 0x0000000100000000)
  region size 1024K, 43 young (44032K), 1 survivors (1024K)
 Metaspace       used 33435K, committed 33920K, reserved 491520K
  class space    used 4705K, committed 4928K, reserved 425984K
}
Event: 5.848 GC heap after
{Heap after GC invocations=8 (full 0):
 garbage-first heap   total 178176K, used 31553K [0x0000000080000000, 0x0000000100000000)
  region size 1024K, 5 young (5120K), 5 survivors (5120K)
 Metaspace       used 33435K, committed 33920K, reserved 491520K
  class space    used 4705K, committed 4928K, reserved 425984K
}
Event: 6.403 GC heap before
{Heap before GC invocations=8 (full 0):
 garbage-first heap   total 178176K, used 60225K [0x0000000080000000, 0x0000000100000000)
  region size 1024K, 29 young (29696K), 5 survivors (5120K)
 Metaspace       used 35702K, committed 36096K, reserved 491520K
  class space    used 4929K, committed 5120K, reserved 425984K
}
Event: 6.414 GC heap after
{Heap after GC invocations=9 (full 0):
 garbage-first heap   total 178176K, used 34830K [0x0000000080000000, 0x0000000100000000)
  region size 1024K, 8 young (8192K), 8 survivors (8192K)
 Metaspace       used 35702K, committed 36096K, reserved 491520K
  class space    used 4929K, committed 5120K, reserved 425984K
}
Event: 33.786 GC heap before
{Heap before GC invocations=10 (full 0):
 garbage-first heap   total 122880K, used 101390K [0x0000000080000000, 0x0000000100000000)
  region size 1024K, 72 young (73728K), 8 survivors (8192K)
 Metaspace       used 39787K, committed 40384K, reserved 491520K
  class space    used 5461K, committed 5696K, reserved 425984K
}
Event: 33.796 GC heap after
{Heap after GC invocations=11 (full 0):
 garbage-first heap   total 122880K, used 39251K [0x0000000080000000, 0x0000000100000000)
  region size 1024K, 8 young (8192K), 8 survivors (8192K)
 Metaspace       used 39787K, committed 40384K, reserved 491520K
  class space    used 5461K, committed 5696K, reserved 425984K
}
Event: 34.908 GC heap before
{Heap before GC invocations=11 (full 0):
 garbage-first heap   total 122880K, used 93523K [0x0000000080000000, 0x0000000100000000)
  region size 1024K, 61 young (62464K), 8 survivors (8192K)
 Metaspace       used 44888K, committed 45568K, reserved 491520K
  class space    used 6277K, committed 6592K, reserved 425984K
}
Event: 34.917 GC heap after
{Heap after GC invocations=12 (full 0):
 garbage-first heap   total 122880K, used 42804K [0x0000000080000000, 0x0000000100000000)
  region size 1024K, 8 young (8192K), 8 survivors (8192K)
 Metaspace       used 44888K, committed 45568K, reserved 491520K
  class space    used 6277K, committed 6592K, reserved 425984K
}
Event: 36.225 GC heap before
{Heap before GC invocations=12 (full 0):
 garbage-first heap   total 122880K, used 95028K [0x0000000080000000, 0x0000000100000000)
  region size 1024K, 59 young (60416K), 8 survivors (8192K)
 Metaspace       used 49564K, committed 50240K, reserved 491520K
  class space    used 6970K, committed 7296K, reserved 425984K
}
Event: 36.237 GC heap after
{Heap after GC invocations=13 (full 0):
 garbage-first heap   total 122880K, used 47423K [0x0000000080000000, 0x0000000100000000)
  region size 1024K, 8 young (8192K), 8 survivors (8192K)
 Metaspace       used 49564K, committed 50240K, reserved 491520K
  class space    used 6970K, committed 7296K, reserved 425984K
}
Event: 37.219 GC heap before
{Heap before GC invocations=13 (full 0):
 garbage-first heap   total 122880K, used 104767K [0x0000000080000000, 0x0000000100000000)
  region size 1024K, 56 young (57344K), 8 survivors (8192K)
 Metaspace       used 54320K, committed 55104K, reserved 491520K
  class space    used 7650K, committed 8000K, reserved 425984K
}
Event: 37.231 GC heap after
{Heap after GC invocations=14 (full 0):
 garbage-first heap   total 122880K, used 59758K [0x0000000080000000, 0x0000000100000000)
  region size 1024K, 5 young (5120K), 5 survivors (5120K)
 Metaspace       used 54320K, committed 55104K, reserved 491520K
  class space    used 7650K, committed 8000K, reserved 425984K
}
Event: 37.402 GC heap before
{Heap before GC invocations=14 (full 0):
 garbage-first heap   total 122880K, used 66926K [0x0000000080000000, 0x0000000100000000)
  region size 1024K, 13 young (13312K), 5 survivors (5120K)
 Metaspace       used 54950K, committed 55680K, reserved 491520K
  class space    used 7765K, committed 8064K, reserved 425984K
}
Event: 37.407 GC heap after
{Heap after GC invocations=15 (full 0):
 garbage-first heap   total 122880K, used 60847K [0x0000000080000000, 0x0000000100000000)
  region size 1024K, 1 young (1024K), 1 survivors (1024K)
 Metaspace       used 54950K, committed 55680K, reserved 491520K
  class space    used 7765K, committed 8064K, reserved 425984K
}
Event: 38.117 GC heap before
{Heap before GC invocations=16 (full 0):
 garbage-first heap   total 122880K, used 103855K [0x0000000080000000, 0x0000000100000000)
  region size 1024K, 39 young (39936K), 1 survivors (1024K)
 Metaspace       used 57491K, committed 58240K, reserved 491520K
  class space    used 8113K, committed 8448K, reserved 425984K
}
Event: 38.121 GC heap after
{Heap after GC invocations=17 (full 0):
 garbage-first heap   total 122880K, used 66173K [0x0000000080000000, 0x0000000100000000)
  region size 1024K, 3 young (3072K), 3 survivors (3072K)
 Metaspace       used 57491K, committed 58240K, reserved 491520K
  class space    used 8113K, committed 8448K, reserved 425984K
}
Event: 38.723 GC heap before
{Heap before GC invocations=17 (full 0):
 garbage-first heap   total 122880K, used 100989K [0x0000000080000000, 0x0000000100000000)
  region size 1024K, 37 young (37888K), 3 survivors (3072K)
 Metaspace       used 61346K, committed 62080K, reserved 491520K
  class space    used 8625K, committed 8960K, reserved 425984K
}
Event: 38.727 GC heap after
{Heap after GC invocations=18 (full 0):
 garbage-first heap   total 122880K, used 67935K [0x0000000080000000, 0x0000000100000000)
  region size 1024K, 4 young (4096K), 4 survivors (4096K)
 Metaspace       used 61346K, committed 62080K, reserved 491520K
  class space    used 8625K, committed 8960K, reserved 425984K
}
Event: 39.377 GC heap before
{Heap before GC invocations=19 (full 0):
 garbage-first heap   total 122880K, used 100703K [0x0000000080000000, 0x0000000100000000)
  region size 1024K, 37 young (37888K), 4 survivors (4096K)
 Metaspace       used 62965K, committed 63744K, reserved 491520K
  class space    used 8868K, committed 9216K, reserved 425984K
}
Event: 39.385 GC heap after
{Heap after GC invocations=20 (full 0):
 garbage-first heap   total 122880K, used 71274K [0x0000000080000000, 0x0000000100000000)
  region size 1024K, 5 young (5120K), 5 survivors (5120K)
 Metaspace       used 62965K, committed 63744K, reserved 491520K
  class space    used 8868K, committed 9216K, reserved 425984K
}

