# JRE version: OpenJDK Runtime Environment Temurin-21.0.9+10 (21.0.9+10) (build 21.0.9+10-LTS)
# Java VM: OpenJDK 64-Bit Server VM Temurin-21.0.9+10 (21.0.9+10-LTS, mixed mode, sharing, tiered, compressed oops, compressed class ptrs, parallel gc, windows-amd64)
GC Precious Log:
 CardTable entry size: 512
 CPUs: 12 total, 12 available
 Memory: 8059M
 Large Page Support: Disabled
 NUMA Support: Disabled
 Compressed Oops: Enabled (32-bit)
 Alignments: Space 512K, Generation 512K, Heap 2M
 Heap Min Capacity: 100M
 Heap Initial Capacity: 100M
 Heap Max Capacity: 2G
 Pre-touch: Disabled
 Parallel Workers: 10
Heap:
 PSYoungGen      total 4608K, used 3973K [0x00000000d5580000, 0x00000000d5c80000, 0x0000000100000000)
  eden space 3072K, 89% used [0x00000000d5580000,0x00000000d5831690,0x00000000d5880000)
  from space 1536K, 79% used [0x00000000d5880000,0x00000000d59aff00,0x00000000d5a00000)
  to   space 2048K, 0% used [0x00000000d5a80000,0x00000000d5a80000,0x00000000d5c80000)
 ParOldGen       total 601600K, used 601395K [0x0000000080000000, 0x00000000a4b80000, 0x00000000d5580000)
  object space 601600K, 99% used [0x0000000080000000,0x00000000a4b4cf60,0x00000000a4b80000)
 Metaspace       used 72913K, committed 74432K, reserved 1114112K
  class space    used 8977K, committed 9600K, reserved 1048576K
GC Heap History (20 events):
Event: 69.786 GC heap after
{Heap after GC invocations=1002 (full 3):
 PSYoungGen      total 4096K, used 568K [0x00000000d5580000, 0x00000000d5a80000, 0x0000000100000000)
  eden space 3072K, 0% used [0x00000000d5580000,0x00000000d5580000,0x00000000d5880000)
  from space 1024K, 55% used [0x00000000d5900000,0x00000000d598e008,0x00000000d5a00000)
  to   space 512K, 0% used [0x00000000d5a00000,0x00000000d5a00000,0x00000000d5a80000)
 ParOldGen       total 594432K, used 594176K [0x0000000080000000, 0x00000000a4480000, 0x00000000d5580000)
  object space 594432K, 99% used [0x0000000080000000,0x00000000a44400d8,0x00000000a4480000)
 Metaspace       used 72810K, committed 74304K, reserved 1114112K
  class space    used 8969K, committed 9600K, reserved 1048576K
}
Event: 69.835 GC heap before
{Heap before GC invocations=1003 (full 3):
 PSYoungGen      total 4096K, used 3640K [0x00000000d5580000, 0x00000000d5a80000, 0x0000000100000000)
  eden space 3072K, 100% used [0x00000000d5580000,0x00000000d5880000,0x00000000d5880000)
  from space 1024K, 55% used [0x00000000d5900000,0x00000000d598e008,0x00000000d5a00000)
  to   space 512K, 0% used [0x00000000d5a00000,0x00000000d5a00000,0x00000000d5a80000)
 ParOldGen       total 594432K, used 594176K [0x0000000080000000, 0x00000000a4480000, 0x00000000d5580000)
  object space 594432K, 99% used [0x0000000080000000,0x00000000a44400d8,0x00000000a4480000)
 Metaspace       used 72811K, committed 74304K, reserved 1114112K
  class space    used 8969K, committed 9600K, reserved 1048576K
}
Event: 69.838 GC heap after
{Heap after GC invocations=1003 (full 3):
 PSYoungGen      total 3584K, used 488K [0x00000000d5580000, 0x00000000d5a80000, 0x0000000100000000)
  eden space 3072K, 0% used [0x00000000d5580000,0x00000000d5580000,0x00000000d5880000)
  from space 512K, 95% used [0x00000000d5a00000,0x00000000d5a7a008,0x00000000d5a80000)
  to   space 1024K, 0% used [0x00000000d5880000,0x00000000d5880000,0x00000000d5980000)
 ParOldGen       total 594944K, used 594544K [0x0000000080000000, 0x00000000a4500000, 0x00000000d5580000)
  object space 594944K, 99% used [0x0000000080000000,0x00000000a449c0e0,0x00000000a4500000)
 Metaspace       used 72811K, committed 74304K, reserved 1114112K
  class space    used 8969K, committed 9600K, reserved 1048576K
}
Event: 69.881 GC heap before
{Heap before GC invocations=1004 (full 3):
 PSYoungGen      total 3584K, used 3560K [0x00000000d5580000, 0x00000000d5a80000, 0x0000000100000000)
  eden space 3072K, 100% used [0x00000000d5580000,0x00000000d5880000,0x00000000d5880000)
  from space 512K, 95% used [0x00000000d5a00000,0x00000000d5a7a008,0x00000000d5a80000)
  to   space 1024K, 0% used [0x00000000d5880000,0x00000000d5880000,0x00000000d5980000)
 ParOldGen       total 594944K, used 594544K [0x0000000080000000, 0x00000000a4500000, 0x00000000d5580000)
  object space 594944K, 99% used [0x0000000080000000,0x00000000a449c0e0,0x00000000a4500000)
 Metaspace       used 72813K, committed 74304K, reserved 1114112K
  class space    used 8969K, committed 9600K, reserved 1048576K
}
Event: 69.884 GC heap after
{Heap after GC invocations=1004 (full 3):
 PSYoungGen      total 4096K, used 356K [0x00000000d5580000, 0x00000000d5a80000, 0x0000000100000000)
  eden space 3072K, 0% used [0x00000000d5580000,0x00000000d5580000,0x00000000d5880000)
  from space 1024K, 34% used [0x00000000d5880000,0x00000000d58d9008,0x00000000d5980000)
  to   space 1024K, 0% used [0x00000000d5980000,0x00000000d5980000,0x00000000d5a80000)
 ParOldGen       total 594944K, used 594688K [0x0000000080000000, 0x00000000a4500000, 0x00000000d5580000)
  object space 594944K, 99% used [0x0000000080000000,0x00000000a44c00e8,0x00000000a4500000)
 Metaspace       used 72813K, committed 74304K, reserved 1114112K
  class space    used 8969K, committed 9600K, reserved 1048576K
}
Event: 69.903 GC heap before
{Heap before GC invocations=1005 (full 3):
 PSYoungGen      total 4096K, used 3428K [0x00000000d5580000, 0x00000000d5a80000, 0x0000000100000000)
  eden space 3072K, 100% used [0x00000000d5580000,0x00000000d5880000,0x00000000d5880000)
  from space 1024K, 34% used [0x00000000d5880000,0x00000000d58d9008,0x00000000d5980000)
  to   space 1024K, 0% used [0x00000000d5980000,0x00000000d5980000,0x00000000d5a80000)
 ParOldGen       total 594944K, used 594688K [0x0000000080000000, 0x00000000a4500000, 0x00000000d5580000)
  object space 594944K, 99% used [0x0000000080000000,0x00000000a44c00e8,0x00000000a4500000)
 Metaspace       used 72813K, committed 74304K, reserved 1114112K
  class space    used 8969K, committed 9600K, reserved 1048576K
}
Event: 69.905 GC heap after
{Heap after GC invocations=1005 (full 3):
 PSYoungGen      total 3584K, used 416K [0x00000000d5580000, 0x00000000d5a00000, 0x0000000100000000)
  eden space 3072K, 0% used [0x00000000d5580000,0x00000000d5580000,0x00000000d5880000)
  from space 512K, 81% used [0x00000000d5980000,0x00000000d59e8000,0x00000000d5a00000)
  to   space 512K, 0% used [0x00000000d5900000,0x00000000d5900000,0x00000000d5980000)
 ParOldGen       total 594944K, used 594748K [0x0000000080000000, 0x00000000a4500000, 0x00000000d5580000)
  object space 594944K, 99% used [0x0000000080000000,0x00000000a44cf0f0,0x00000000a4500000)
 Metaspace       used 72813K, committed 74304K, reserved 1114112K
  class space    used 8969K, committed 9600K, reserved 1048576K
}
Event: 69.921 GC heap before
{Heap before GC invocations=1006 (full 3):
 PSYoungGen      total 3584K, used 3488K [0x00000000d5580000, 0x00000000d5a00000, 0x0000000100000000)
  eden space 3072K, 100% used [0x00000000d5580000,0x00000000d5880000,0x00000000d5880000)
  from space 512K, 81% used [0x00000000d5980000,0x00000000d59e8000,0x00000000d5a00000)
  to   space 512K, 0% used [0x00000000d5900000,0x00000000d5900000,0x00000000d5980000)
 ParOldGen       total 594944K, used 594748K [0x0000000080000000, 0x00000000a4500000, 0x00000000d5580000)
  object space 594944K, 99% used [0x0000000080000000,0x00000000a44cf0f0,0x00000000a4500000)
 Metaspace       used 72820K, committed 74304K, reserved 1114112K
  class space    used 8969K, committed 9600K, reserved 1048576K
}
Event: 69.925 GC heap after
{Heap after GC invocations=1006 (full 3):
 PSYoungGen      total 3584K, used 512K [0x00000000d5580000, 0x00000000d5b80000, 0x0000000100000000)
  eden space 3072K, 0% used [0x00000000d5580000,0x00000000d5580000,0x00000000d5880000)
  from space 512K, 100% used [0x00000000d5900000,0x00000000d5980000,0x00000000d5980000)
  to   space 1536K, 0% used [0x00000000d5a00000,0x00000000d5a00000,0x00000000d5b80000)
 ParOldGen       total 595456K, used 595196K [0x0000000080000000, 0x00000000a4580000, 0x00000000d5580000)
  object space 595456K, 99% used [0x0000000080000000,0x00000000a453f0f0,0x00000000a4580000)
 Metaspace       used 72820K, committed 74304K, reserved 1114112K
  class space    used 8969K, committed 9600K, reserved 1048576K
}
Event: 69.997 GC heap before
{Heap before GC invocations=1007 (full 3):
 PSYoungGen      total 3584K, used 3584K [0x00000000d5580000, 0x00000000d5b80000, 0x0000000100000000)
  eden space 3072K, 100% used [0x00000000d5580000,0x00000000d5880000,0x00000000d5880000)
  from space 512K, 100% used [0x00000000d5900000,0x00000000d5980000,0x00000000d5980000)
  to   space 1536K, 0% used [0x00000000d5a00000,0x00000000d5a00000,0x00000000d5b80000)
 ParOldGen       total 595456K, used 595196K [0x0000000080000000, 0x00000000a4580000, 0x00000000d5580000)
  object space 595456K, 99% used [0x0000000080000000,0x00000000a453f0f0,0x00000000a4580000)
 Metaspace       used 72829K, committed 74304K, reserved 1114112K
  class space    used 8969K, committed 9600K, reserved 1048576K
}
Event: 70.001 GC heap after
{Heap after GC invocations=1007 (full 3):
 PSYoungGen      total 4096K, used 736K [0x00000000d5580000, 0x00000000d5b00000, 0x0000000100000000)
  eden space 3072K, 0% used [0x00000000d5580000,0x00000000d5580000,0x00000000d5880000)
  from space 1024K, 71% used [0x00000000d5a00000,0x00000000d5ab8000,0x00000000d5b00000)
  to   space 1024K, 0% used [0x00000000d5900000,0x00000000d5900000,0x00000000d5a00000)
 ParOldGen       total 595968K, used 595733K [0x0000000080000000, 0x00000000a4600000, 0x00000000d5580000)
  object space 595968K, 99% used [0x0000000080000000,0x00000000a45c5500,0x00000000a4600000)
 Metaspace       used 72829K, committed 74304K, reserved 1114112K
  class space    used 8969K, committed 9600K, reserved 1048576K
}
Event: 70.055 GC heap before
{Heap before GC invocations=1008 (full 3):
 PSYoungGen      total 4096K, used 3808K [0x00000000d5580000, 0x00000000d5b00000, 0x0000000100000000)
  eden space 3072K, 100% used [0x00000000d5580000,0x00000000d5880000,0x00000000d5880000)
  from space 1024K, 71% used [0x00000000d5a00000,0x00000000d5ab8000,0x00000000d5b00000)
  to   space 1024K, 0% used [0x00000000d5900000,0x00000000d5900000,0x00000000d5a00000)
 ParOldGen       total 595968K, used 595733K [0x0000000080000000, 0x00000000a4600000, 0x00000000d5580000)
  object space 595968K, 99% used [0x0000000080000000,0x00000000a45c5500,0x00000000a4600000)
 Metaspace       used 72852K, committed 74304K, reserved 1114112K
  class space    used 8969K, committed 9600K, reserved 1048576K
}
Event: 70.057 GC heap after
{Heap after GC invocations=1008 (full 3):
 PSYoungGen      total 4096K, used 800K [0x00000000d5580000, 0x00000000d5a80000, 0x0000000100000000)
  eden space 3072K, 0% used [0x00000000d5580000,0x00000000d5580000,0x00000000d5880000)
  from space 1024K, 78% used [0x00000000d5900000,0x00000000d59c8000,0x00000000d5a00000)
  to   space 512K, 0% used [0x00000000d5a00000,0x00000000d5a00000,0x00000000d5a80000)
 ParOldGen       total 596480K, used 596161K [0x0000000080000000, 0x00000000a4680000, 0x00000000d5580000)
  object space 596480K, 99% used [0x0000000080000000,0x00000000a4630708,0x00000000a4680000)
 Metaspace       used 72852K, committed 74304K, reserved 1114112K
  class space    used 8969K, committed 9600K, reserved 1048576K
}
Event: 70.107 GC heap before
{Heap before GC invocations=1009 (full 3):
 PSYoungGen      total 4096K, used 3872K [0x00000000d5580000, 0x00000000d5a80000, 0x0000000100000000)
  eden space 3072K, 100% used [0x00000000d5580000,0x00000000d5880000,0x00000000d5880000)
  from space 1024K, 78% used [0x00000000d5900000,0x00000000d59c8000,0x00000000d5a00000)
  to   space 512K, 0% used [0x00000000d5a00000,0x00000000d5a00000,0x00000000d5a80000)
 ParOldGen       total 596480K, used 596161K [0x0000000080000000, 0x00000000a4680000, 0x00000000d5580000)
  object space 596480K, 99% used [0x0000000080000000,0x00000000a4630708,0x00000000a4680000)
 Metaspace       used 72854K, committed 74304K, reserved 1114112K
  class space    used 8969K, committed 9600K, reserved 1048576K
}
Event: 70.114 GC heap after
{Heap after GC invocations=1009 (full 3):
 PSYoungGen      total 3072K, used 512K [0x00000000d5580000, 0x00000000d5c80000, 0x0000000100000000)
  eden space 2560K, 0% used [0x00000000d5580000,0x00000000d5580000,0x00000000d5800000)
  from space 512K, 100% used [0x00000000d5a00000,0x00000000d5a80000,0x00000000d5a80000)
  to   space 2048K, 0% used [0x00000000d5800000,0x00000000d5800000,0x00000000d5a00000)
 ParOldGen       total 597504K, used 597279K [0x0000000080000000, 0x00000000a4780000, 0x00000000d5580000)
  object space 597504K, 99% used [0x0000000080000000,0x00000000a4747f28,0x00000000a4780000)
 Metaspace       used 72854K, committed 74304K, reserved 1114112K
  class space    used 8969K, committed 9600K, reserved 1048576K
}
Event: 70.126 GC heap before
{Heap before GC invocations=1010 (full 3):
 PSYoungGen      total 3072K, used 3072K [0x00000000d5580000, 0x00000000d5c80000, 0x0000000100000000)
  eden space 2560K, 100% used [0x00000000d5580000,0x00000000d5800000,0x00000000d5800000)
  from space 512K, 100% used [0x00000000d5a00000,0x00000000d5a80000,0x00000000d5a80000)
  to   space 2048K, 0% used [0x00000000d5800000,0x00000000d5800000,0x00000000d5a00000)
 ParOldGen       total 597504K, used 597279K [0x0000000080000000, 0x00000000a4780000, 0x00000000d5580000)
  object space 597504K, 99% used [0x0000000080000000,0x00000000a4747f28,0x00000000a4780000)
 Metaspace       used 72854K, committed 74304K, reserved 1114112K
  class space    used 8969K, committed 9600K, reserved 1048576K
}
Event: 70.129 GC heap after
{Heap after GC invocations=1010 (full 3):
 PSYoungGen      total 4608K, used 2047K [0x00000000d5580000, 0x00000000d5e00000, 0x0000000100000000)
  eden space 2560K, 0% used [0x00000000d5580000,0x00000000d5580000,0x00000000d5800000)
  from space 2048K, 99% used [0x00000000d5800000,0x00000000d59ffde8,0x00000000d5a00000)
  to   space 3072K, 0% used [0x00000000d5b00000,0x00000000d5b00000,0x00000000d5e00000)
 ParOldGen       total 598016K, used 597837K [0x0000000080000000, 0x00000000a4800000, 0x00000000d5580000)
  object space 598016K, 99% used [0x0000000080000000,0x00000000a47d37c8,0x00000000a4800000)
 Metaspace       used 72854K, committed 74304K, reserved 1114112K
  class space    used 8969K, committed 9600K, reserved 1048576K
}
Event: 70.151 GC heap before
{Heap before GC invocations=1011 (full 3):
 PSYoungGen      total 4608K, used 4607K [0x00000000d5580000, 0x00000000d5e00000, 0x0000000100000000)
  eden space 2560K, 100% used [0x00000000d5580000,0x00000000d5800000,0x00000000d5800000)
  from space 2048K, 99% used [0x00000000d5800000,0x00000000d59ffde8,0x00000000d5a00000)
  to   space 3072K, 0% used [0x00000000d5b00000,0x00000000d5b00000,0x00000000d5e00000)
 ParOldGen       total 598016K, used 597837K [0x0000000080000000, 0x00000000a4800000, 0x00000000d5580000)
  object space 598016K, 99% used [0x0000000080000000,0x00000000a47d37c8,0x00000000a4800000)
 Metaspace       used 72854K, committed 74304K, reserved 1114112K
  class space    used 8969K, committed 9600K, reserved 1048576K
}
Event: 70.157 GC heap after
{Heap after GC invocations=1011 (full 3):
 PSYoungGen      total 5120K, used 2055K [0x00000000d5580000, 0x00000000d5d80000, 0x0000000100000000)
  eden space 2560K, 0% used [0x00000000d5580000,0x00000000d5580000,0x00000000d5800000)
  from space 2560K, 80% used [0x00000000d5b00000,0x00000000d5d01c68,0x00000000d5d80000)
  to   space 2560K, 0% used [0x00000000d5880000,0x00000000d5880000,0x00000000d5b00000)
 ParOldGen       total 600064K, used 599785K [0x0000000080000000, 0x00000000a4a00000, 0x00000000d5580000)
  object space 600064K, 99% used [0x0000000080000000,0x00000000a49ba7e8,0x00000000a4a00000)
 Metaspace       used 72854K, committed 74304K, reserved 1114112K
  class space    used 8969K, committed 9600K, reserved 1048576K
}
Event: 70.440 GC heap before
{Heap before GC invocations=1012 (full 3):
 PSYoungGen      total 5120K, used 4615K [0x00000000d5580000, 0x00000000d5d80000, 0x0000000100000000)
  eden space 2560K, 100% used [0x00000000d5580000,0x00000000d5800000,0x00000000d5800000)
  from space 2560K, 80% used [0x00000000d5b00000,0x00000000d5d01c68,0x00000000d5d80000)
  to   space 2560K, 0% used [0x00000000d5880000,0x00000000d5880000,0x00000000d5b00000)
 ParOldGen       total 600064K, used 599785K [0x0000000080000000, 0x00000000a4a00000, 0x00000000d5580000)
  object space 600064K, 99% used [0x0000000080000000,0x00000000a49ba7e8,0x00000000a4a00000)
 Metaspace       used 72865K, committed 74304K, reserved 1114112K
  class space    used 8969K, committed 9600K, reserved 1048576K
}

