# JRE version: OpenJDK Runtime Environment Temurin-21.0.10+7 (21.0.10+7) (build 21.0.10+7-LTS)
# Java VM: OpenJDK 64-Bit Server VM Temurin-21.0.10+7 (21.0.10+7-LTS, mixed mode, sharing, tiered, compressed oops, compressed class ptrs, parallel gc, windows-amd64)
GC Precious Log:
 CardTable entry size: 512
 CPUs: 12 total, 12 available
 Memory: 8059M
 Large Page Support: Disabled
 NUMA Support: Disabled
 Compressed Oops: Enabled (32-bit)
 Alignments: Space 512K, Generation 512K, Heap 2M
 Heap Min Capacity: 100M
 Heap Initial Capacity: 100M
 Heap Max Capacity: 2G
 Pre-touch: Disabled
 Parallel Workers: 10
Heap:
 PSYoungGen      total 9216K, used 8589K [0x00000000d5580000, 0x00000000d6380000, 0x0000000100000000)
  eden space 8704K, 92% used [0x00000000d5580000,0x00000000d5d635b8,0x00000000d5e00000)
  from space 512K, 100% used [0x00000000d5e00000,0x00000000d5e80000,0x00000000d5e80000)
  to   space 2560K, 0% used [0x00000000d6100000,0x00000000d6100000,0x00000000d6380000)
 ParOldGen       total 543232K, used 543101K [0x0000000080000000, 0x00000000a1280000, 0x00000000d5580000)
  object space 543232K, 99% used [0x0000000080000000,0x00000000a125f6b0,0x00000000a1280000)
 Metaspace       used 74877K, committed 76416K, reserved 1179648K
  class space    used 8520K, committed 9216K, reserved 1048576K
GC Heap History (20 events):
Event: 40.379 GC heap before
{Heap before GC invocations=549 (full 3):
 PSYoungGen      total 5120K, used 5120K [0x00000000d5580000, 0x00000000d6280000, 0x0000000100000000)
  eden space 2560K, 100% used [0x00000000d5580000,0x00000000d5800000,0x00000000d5800000)
  from space 2560K, 100% used [0x00000000d5800000,0x00000000d5a80000,0x00000000d5a80000)
  to   space 5120K, 0% used [0x00000000d5d80000,0x00000000d5d80000,0x00000000d6280000)
 ParOldGen       total 505856K, used 505692K [0x0000000080000000, 0x000000009ee00000, 0x00000000d5580000)
  object space 505856K, 99% used [0x0000000080000000,0x000000009edd70d0,0x000000009ee00000)
 Metaspace       used 74286K, committed 75840K, reserved 1179648K
  class space    used 8478K, committed 9152K, reserved 1048576K
}
Event: 40.386 GC heap after
{Heap after GC invocations=549 (full 3):
 PSYoungGen      total 5632K, used 2496K [0x00000000d5580000, 0x00000000d6000000, 0x0000000100000000)
  eden space 3072K, 0% used [0x00000000d5580000,0x00000000d5580000,0x00000000d5880000)
  from space 2560K, 97% used [0x00000000d5d80000,0x00000000d5ff0000,0x00000000d6000000)
  to   space 3584K, 0% used [0x00000000d5900000,0x00000000d5900000,0x00000000d5c80000)
 ParOldGen       total 508416K, used 508252K [0x0000000080000000, 0x000000009f080000, 0x00000000d5580000)
  object space 508416K, 99% used [0x0000000080000000,0x000000009f0570d0,0x000000009f080000)
 Metaspace       used 74286K, committed 75840K, reserved 1179648K
  class space    used 8478K, committed 9152K, reserved 1048576K
}
Event: 40.476 GC heap before
{Heap before GC invocations=550 (full 3):
 PSYoungGen      total 5632K, used 5568K [0x00000000d5580000, 0x00000000d6000000, 0x0000000100000000)
  eden space 3072K, 100% used [0x00000000d5580000,0x00000000d5880000,0x00000000d5880000)
  from space 2560K, 97% used [0x00000000d5d80000,0x00000000d5ff0000,0x00000000d6000000)
  to   space 3584K, 0% used [0x00000000d5900000,0x00000000d5900000,0x00000000d5c80000)
 ParOldGen       total 508416K, used 508252K [0x0000000080000000, 0x000000009f080000, 0x00000000d5580000)
  object space 508416K, 99% used [0x0000000080000000,0x000000009f0570d0,0x000000009f080000)
 Metaspace       used 74286K, committed 75840K, reserved 1179648K
  class space    used 8478K, committed 9152K, reserved 1048576K
}
Event: 40.484 GC heap after
{Heap after GC invocations=550 (full 3):
 PSYoungGen      total 7168K, used 2951K [0x00000000d5580000, 0x00000000d5f80000, 0x0000000100000000)
  eden space 3584K, 0% used [0x00000000d5580000,0x00000000d5580000,0x00000000d5900000)
  from space 3584K, 82% used [0x00000000d5900000,0x00000000d5be1d50,0x00000000d5c80000)
  to   space 3072K, 0% used [0x00000000d5c80000,0x00000000d5c80000,0x00000000d5f80000)
 ParOldGen       total 510976K, used 510580K [0x0000000080000000, 0x000000009f300000, 0x00000000d5580000)
  object space 510976K, 99% used [0x0000000080000000,0x000000009f29d0d0,0x000000009f300000)
 Metaspace       used 74286K, committed 75840K, reserved 1179648K
  class space    used 8478K, committed 9152K, reserved 1048576K
}
Event: 40.674 GC heap before
{Heap before GC invocations=551 (full 3):
 PSYoungGen      total 7168K, used 6535K [0x00000000d5580000, 0x00000000d5f80000, 0x0000000100000000)
  eden space 3584K, 100% used [0x00000000d5580000,0x00000000d5900000,0x00000000d5900000)
  from space 3584K, 82% used [0x00000000d5900000,0x00000000d5be1d50,0x00000000d5c80000)
  to   space 3072K, 0% used [0x00000000d5c80000,0x00000000d5c80000,0x00000000d5f80000)
 ParOldGen       total 513024K, used 512411K [0x0000000080000000, 0x000000009f500000, 0x00000000d5580000)
  object space 513024K, 99% used [0x0000000080000000,0x000000009f466e18,0x000000009f500000)
 Metaspace       used 74286K, committed 75840K, reserved 1179648K
  class space    used 8478K, committed 9152K, reserved 1048576K
}
Event: 40.681 GC heap after
{Heap after GC invocations=551 (full 3):
 PSYoungGen      total 5632K, used 1568K [0x00000000d5580000, 0x00000000d5e80000, 0x0000000100000000)
  eden space 3584K, 0% used [0x00000000d5580000,0x00000000d5580000,0x00000000d5900000)
  from space 2048K, 76% used [0x00000000d5c80000,0x00000000d5e08000,0x00000000d5e80000)
  to   space 2560K, 0% used [0x00000000d5980000,0x00000000d5980000,0x00000000d5c00000)
 ParOldGen       total 515584K, used 515250K [0x0000000080000000, 0x000000009f780000, 0x00000000d5580000)
  object space 515584K, 99% used [0x0000000080000000,0x000000009f72cb60,0x000000009f780000)
 Metaspace       used 74286K, committed 75840K, reserved 1179648K
  class space    used 8478K, committed 9152K, reserved 1048576K
}
Event: 40.799 GC heap before
{Heap before GC invocations=552 (full 3):
 PSYoungGen      total 5632K, used 5152K [0x00000000d5580000, 0x00000000d5e80000, 0x0000000100000000)
  eden space 3584K, 100% used [0x00000000d5580000,0x00000000d5900000,0x00000000d5900000)
  from space 2048K, 76% used [0x00000000d5c80000,0x00000000d5e08000,0x00000000d5e80000)
  to   space 2560K, 0% used [0x00000000d5980000,0x00000000d5980000,0x00000000d5c00000)
 ParOldGen       total 515584K, used 515250K [0x0000000080000000, 0x000000009f780000, 0x00000000d5580000)
  object space 515584K, 99% used [0x0000000080000000,0x000000009f72cb60,0x000000009f780000)
 Metaspace       used 74286K, committed 75840K, reserved 1179648K
  class space    used 8478K, committed 9152K, reserved 1048576K
}
Event: 40.804 GC heap after
{Heap after GC invocations=552 (full 3):
 PSYoungGen      total 6144K, used 2529K [0x00000000d5580000, 0x00000000d6400000, 0x0000000100000000)
  eden space 3584K, 0% used [0x00000000d5580000,0x00000000d5580000,0x00000000d5900000)
  from space 2560K, 98% used [0x00000000d5980000,0x00000000d5bf8700,0x00000000d5c00000)
  to   space 5632K, 0% used [0x00000000d5e80000,0x00000000d5e80000,0x00000000d6400000)
 ParOldGen       total 517632K, used 517522K [0x0000000080000000, 0x000000009f980000, 0x00000000d5580000)
  object space 517632K, 99% used [0x0000000080000000,0x000000009f964b60,0x000000009f980000)
 Metaspace       used 74286K, committed 75840K, reserved 1179648K
  class space    used 8478K, committed 9152K, reserved 1048576K
}
Event: 40.813 GC heap before
{Heap before GC invocations=553 (full 3):
 PSYoungGen      total 6144K, used 6113K [0x00000000d5580000, 0x00000000d6400000, 0x0000000100000000)
  eden space 3584K, 100% used [0x00000000d5580000,0x00000000d5900000,0x00000000d5900000)
  from space 2560K, 98% used [0x00000000d5980000,0x00000000d5bf8700,0x00000000d5c00000)
  to   space 5632K, 0% used [0x00000000d5e80000,0x00000000d5e80000,0x00000000d6400000)
 ParOldGen       total 517632K, used 517522K [0x0000000080000000, 0x000000009f980000, 0x00000000d5580000)
  object space 517632K, 99% used [0x0000000080000000,0x000000009f964b60,0x000000009f980000)
 Metaspace       used 74286K, committed 75840K, reserved 1179648K
  class space    used 8478K, committed 9152K, reserved 1048576K
}
Event: 40.819 GC heap after
{Heap after GC invocations=553 (full 3):
 PSYoungGen      total 9216K, used 3744K [0x00000000d5580000, 0x00000000d6300000, 0x0000000100000000)
  eden space 4608K, 0% used [0x00000000d5580000,0x00000000d5580000,0x00000000d5a00000)
  from space 4608K, 81% used [0x00000000d5e80000,0x00000000d6228000,0x00000000d6300000)
  to   space 4608K, 0% used [0x00000000d5a00000,0x00000000d5a00000,0x00000000d5e80000)
 ParOldGen       total 520192K, used 520092K [0x0000000080000000, 0x000000009fc00000, 0x00000000d5580000)
  object space 520192K, 99% used [0x0000000080000000,0x000000009fbe7260,0x000000009fc00000)
 Metaspace       used 74286K, committed 75840K, reserved 1179648K
  class space    used 8478K, committed 9152K, reserved 1048576K
}
Event: 40.831 GC heap before
{Heap before GC invocations=554 (full 3):
 PSYoungGen      total 9216K, used 8352K [0x00000000d5580000, 0x00000000d6300000, 0x0000000100000000)
  eden space 4608K, 100% used [0x00000000d5580000,0x00000000d5a00000,0x00000000d5a00000)
  from space 4608K, 81% used [0x00000000d5e80000,0x00000000d6228000,0x00000000d6300000)
  to   space 4608K, 0% used [0x00000000d5a00000,0x00000000d5a00000,0x00000000d5e80000)
 ParOldGen       total 520192K, used 520092K [0x0000000080000000, 0x000000009fc00000, 0x00000000d5580000)
  object space 520192K, 99% used [0x0000000080000000,0x000000009fbe7260,0x000000009fc00000)
 Metaspace       used 74286K, committed 75840K, reserved 1179648K
  class space    used 8478K, committed 9152K, reserved 1048576K
}
Event: 40.838 GC heap after
{Heap after GC invocations=554 (full 3):
 PSYoungGen      total 9216K, used 4608K [0x00000000d5580000, 0x00000000d6d00000, 0x0000000100000000)
  eden space 4608K, 0% used [0x00000000d5580000,0x00000000d5580000,0x00000000d5a00000)
  from space 4608K, 100% used [0x00000000d5a00000,0x00000000d5e80000,0x00000000d5e80000)
  to   space 9216K, 0% used [0x00000000d6400000,0x00000000d6400000,0x00000000d6d00000)
 ParOldGen       total 523776K, used 523756K [0x0000000080000000, 0x000000009ff80000, 0x00000000d5580000)
  object space 523776K, 99% used [0x0000000080000000,0x000000009ff7b260,0x000000009ff80000)
 Metaspace       used 74286K, committed 75840K, reserved 1179648K
  class space    used 8478K, committed 9152K, reserved 1048576K
}
Event: 40.854 GC heap before
{Heap before GC invocations=555 (full 3):
 PSYoungGen      total 9216K, used 9216K [0x00000000d5580000, 0x00000000d6d00000, 0x0000000100000000)
  eden space 4608K, 100% used [0x00000000d5580000,0x00000000d5a00000,0x00000000d5a00000)
  from space 4608K, 100% used [0x00000000d5a00000,0x00000000d5e80000,0x00000000d5e80000)
  to   space 9216K, 0% used [0x00000000d6400000,0x00000000d6400000,0x00000000d6d00000)
 ParOldGen       total 523776K, used 523756K [0x0000000080000000, 0x000000009ff80000, 0x00000000d5580000)
  object space 523776K, 99% used [0x0000000080000000,0x000000009ff7b260,0x000000009ff80000)
 Metaspace       used 74286K, committed 75840K, reserved 1179648K
  class space    used 8478K, committed 9152K, reserved 1048576K
}
Event: 40.862 GC heap after
{Heap after GC invocations=555 (full 3):
 PSYoungGen      total 10752K, used 4736K [0x00000000d5580000, 0x00000000d6900000, 0x0000000100000000)
  eden space 5632K, 0% used [0x00000000d5580000,0x00000000d5580000,0x00000000d5b00000)
  from space 5120K, 92% used [0x00000000d6400000,0x00000000d68a0000,0x00000000d6900000)
  to   space 6144K, 0% used [0x00000000d5d00000,0x00000000d5d00000,0x00000000d6300000)
 ParOldGen       total 528384K, used 528380K [0x0000000080000000, 0x00000000a0400000, 0x00000000d5580000)
  object space 528384K, 99% used [0x0000000080000000,0x00000000a03ff260,0x00000000a0400000)
 Metaspace       used 74286K, committed 75840K, reserved 1179648K
  class space    used 8478K, committed 9152K, reserved 1048576K
}
Event: 40.883 GC heap before
{Heap before GC invocations=556 (full 3):
 PSYoungGen      total 10752K, used 10368K [0x00000000d5580000, 0x00000000d6900000, 0x0000000100000000)
  eden space 5632K, 100% used [0x00000000d5580000,0x00000000d5b00000,0x00000000d5b00000)
  from space 5120K, 92% used [0x00000000d6400000,0x00000000d68a0000,0x00000000d6900000)
  to   space 6144K, 0% used [0x00000000d5d00000,0x00000000d5d00000,0x00000000d6300000)
 ParOldGen       total 528384K, used 528380K [0x0000000080000000, 0x00000000a0400000, 0x00000000d5580000)
  object space 528384K, 99% used [0x0000000080000000,0x00000000a03ff260,0x00000000a0400000)
 Metaspace       used 74286K, committed 75840K, reserved 1179648K
  class space    used 8478K, committed 9152K, reserved 1048576K
}
Event: 40.892 GC heap after
{Heap after GC invocations=556 (full 3):
 PSYoungGen      total 13312K, used 5664K [0x00000000d5580000, 0x00000000d6880000, 0x0000000100000000)
  eden space 7168K, 0% used [0x00000000d5580000,0x00000000d5580000,0x00000000d5c80000)
  from space 6144K, 92% used [0x00000000d5d00000,0x00000000d6288000,0x00000000d6300000)
  to   space 5632K, 0% used [0x00000000d6300000,0x00000000d6300000,0x00000000d6880000)
 ParOldGen       total 533504K, used 533036K [0x0000000080000000, 0x00000000a0900000, 0x00000000d5580000)
  object space 533504K, 99% used [0x0000000080000000,0x00000000a088b260,0x00000000a0900000)
 Metaspace       used 74286K, committed 75840K, reserved 1179648K
  class space    used 8478K, committed 9152K, reserved 1048576K
}
Event: 41.262 GC heap before
{Heap before GC invocations=557 (full 3):
 PSYoungGen      total 13312K, used 12832K [0x00000000d5580000, 0x00000000d6880000, 0x0000000100000000)
  eden space 7168K, 100% used [0x00000000d5580000,0x00000000d5c80000,0x00000000d5c80000)
  from space 6144K, 92% used [0x00000000d5d00000,0x00000000d6288000,0x00000000d6300000)
  to   space 5632K, 0% used [0x00000000d6300000,0x00000000d6300000,0x00000000d6880000)
 ParOldGen       total 533504K, used 533036K [0x0000000080000000, 0x00000000a0900000, 0x00000000d5580000)
  object space 533504K, 99% used [0x0000000080000000,0x00000000a088b260,0x00000000a0900000)
 Metaspace       used 74341K, committed 75904K, reserved 1179648K
  class space    used 8479K, committed 9152K, reserved 1048576K
}
Event: 41.275 GC heap after
{Heap after GC invocations=557 (full 3):
 PSYoungGen      total 13824K, used 4740K [0x00000000d5580000, 0x00000000d6800000, 0x0000000100000000)
  eden space 8704K, 0% used [0x00000000d5580000,0x00000000d5580000,0x00000000d5e00000)
  from space 5120K, 92% used [0x00000000d6300000,0x00000000d67a1340,0x00000000d6800000)
  to   space 5120K, 0% used [0x00000000d5e00000,0x00000000d5e00000,0x00000000d6300000)
 ParOldGen       total 539136K, used 538636K [0x0000000080000000, 0x00000000a0e80000, 0x00000000d5580000)
  object space 539136K, 99% used [0x0000000080000000,0x00000000a0e03260,0x00000000a0e80000)
 Metaspace       used 74341K, committed 75904K, reserved 1179648K
  class space    used 8479K, committed 9152K, reserved 1048576K
}
Event: 41.515 GC heap before
{Heap before GC invocations=558 (full 3):
 PSYoungGen      total 13824K, used 13444K [0x00000000d5580000, 0x00000000d6800000, 0x0000000100000000)
  eden space 8704K, 100% used [0x00000000d5580000,0x00000000d5e00000,0x00000000d5e00000)
  from space 5120K, 92% used [0x00000000d6300000,0x00000000d67a1340,0x00000000d6800000)
  to   space 5120K, 0% used [0x00000000d5e00000,0x00000000d5e00000,0x00000000d6300000)
 ParOldGen       total 539136K, used 538636K [0x0000000080000000, 0x00000000a0e80000, 0x00000000d5580000)
  object space 539136K, 99% used [0x0000000080000000,0x00000000a0e03260,0x00000000a0e80000)
 Metaspace       used 74566K, committed 76096K, reserved 1179648K
  class space    used 8489K, committed 9152K, reserved 1048576K
}
Event: 41.528 GC heap after
{Heap after GC invocations=558 (full 3):
 PSYoungGen      total 9216K, used 512K [0x00000000d5580000, 0x00000000d6380000, 0x0000000100000000)
  eden space 8704K, 0% used [0x00000000d5580000,0x00000000d5580000,0x00000000d5e00000)
  from space 512K, 100% used [0x00000000d5e00000,0x00000000d5e80000,0x00000000d5e80000)
  to   space 2560K, 0% used [0x00000000d6100000,0x00000000d6100000,0x00000000d6380000)
 ParOldGen       total 543232K, used 543101K [0x0000000080000000, 0x00000000a1280000, 0x00000000d5580000)
  object space 543232K, 99% used [0x0000000080000000,0x00000000a125f6b0,0x00000000a1280000)
 Metaspace       used 74566K, committed 76096K, reserved 1179648K
  class space    used 8489K, committed 9152K, reserved 1048576K
}

