# JRE version: OpenJDK Runtime Environment Temurin-21.0.10+7 (21.0.10+7) (build 21.0.10+7-LTS)
# Java VM: OpenJDK 64-Bit Server VM Temurin-21.0.10+7 (21.0.10+7-LTS, mixed mode, sharing, tiered, compressed oops, compressed class ptrs, g1 gc, windows-amd64)
GC Precious Log:
 CardTable entry size: 512
 Card Set container configuration: InlinePtr #cards 5 size 8 Array Of Cards #cards 12 size 40 Howl #buckets 4 coarsen threshold 1843 Howl Bitmap #cards 512 size 80 coarsen threshold 460 Card regions per heap region 1 cards per card region 2048
 CPUs: 12 total, 12 available
 Memory: 8059M
 Large Page Support: Disabled
 NUMA Support: Disabled
 Compressed Oops: Enabled (32-bit)
 Heap Region Size: 1M
 Heap Min Capacity: 8M
 Heap Initial Capacity: 126M
 Heap Max Capacity: 2G
 Pre-touch: Disabled
 Parallel Workers: 10
 Concurrent Workers: 3
 Concurrent Refinement Workers: 10
 Periodic GC: Disabled
Heap:
 garbage-first heap   total 111616K, used 71015K [0x0000000080000000, 0x0000000100000000)
  region size 1024K, 6 young (6144K), 3 survivors (3072K)
 Metaspace       used 64577K, committed 66560K, reserved 491520K
  class space    used 9403K, committed 10368K, reserved 425984K
GC Heap History (20 events):
Event: 17.004 GC heap before
{Heap before GC invocations=10 (full 0):
 garbage-first heap   total 88064K, used 75639K [0x0000000080000000, 0x0000000100000000)
  region size 1024K, 43 young (44032K), 5 survivors (5120K)
 Metaspace       used 41864K, committed 43392K, reserved 491520K
  class space    used 6036K, committed 6784K, reserved 425984K
}
Event: 17.010 GC heap after
{Heap after GC invocations=11 (full 0):
 garbage-first heap   total 88064K, used 37747K [0x0000000080000000, 0x0000000100000000)
  region size 1024K, 3 young (3072K), 3 survivors (3072K)
 Metaspace       used 41864K, committed 43392K, reserved 491520K
  class space    used 6036K, committed 6784K, reserved 425984K
}
Event: 17.743 GC heap before
{Heap before GC invocations=11 (full 0):
 garbage-first heap   total 88064K, used 75635K [0x0000000080000000, 0x0000000100000000)
  region size 1024K, 40 young (40960K), 3 survivors (3072K)
 Metaspace       used 46323K, committed 47872K, reserved 491520K
  class space    used 6733K, committed 7488K, reserved 425984K
}
Event: 17.748 GC heap after
{Heap after GC invocations=12 (full 0):
 garbage-first heap   total 88064K, used 40204K [0x0000000080000000, 0x0000000100000000)
  region size 1024K, 5 young (5120K), 5 survivors (5120K)
 Metaspace       used 46323K, committed 47872K, reserved 491520K
  class space    used 6733K, committed 7488K, reserved 425984K
}
Event: 18.687 GC heap before
{Heap before GC invocations=12 (full 0):
 garbage-first heap   total 88064K, used 81164K [0x0000000080000000, 0x0000000100000000)
  region size 1024K, 41 young (41984K), 5 survivors (5120K)
 Metaspace       used 49894K, committed 51712K, reserved 491520K
  class space    used 7311K, committed 8192K, reserved 425984K
}
Event: 18.694 GC heap after
{Heap after GC invocations=13 (full 0):
 garbage-first heap   total 91136K, used 48325K [0x0000000080000000, 0x0000000100000000)
  region size 1024K, 6 young (6144K), 6 survivors (6144K)
 Metaspace       used 49894K, committed 51712K, reserved 491520K
  class space    used 7311K, committed 8192K, reserved 425984K
}
Event: 18.707 GC heap before
{Heap before GC invocations=13 (full 0):
 garbage-first heap   total 91136K, used 48325K [0x0000000080000000, 0x0000000100000000)
  region size 1024K, 7 young (7168K), 6 survivors (6144K)
 Metaspace       used 49895K, committed 51712K, reserved 491520K
  class space    used 7311K, committed 8192K, reserved 425984K
}
Event: 18.712 GC heap after
{Heap after GC invocations=14 (full 0):
 garbage-first heap   total 91136K, used 50204K [0x0000000080000000, 0x0000000100000000)
  region size 1024K, 2 young (2048K), 2 survivors (2048K)
 Metaspace       used 49895K, committed 51712K, reserved 491520K
  class space    used 7311K, committed 8192K, reserved 425984K
}
Event: 19.188 GC heap before
{Heap before GC invocations=15 (full 0):
 garbage-first heap   total 92160K, used 78876K [0x0000000080000000, 0x0000000100000000)
  region size 1024K, 26 young (26624K), 2 survivors (2048K)
 Metaspace       used 52946K, committed 54784K, reserved 491520K
  class space    used 7697K, committed 8576K, reserved 425984K
}
Event: 19.191 GC heap after
{Heap after GC invocations=16 (full 0):
 garbage-first heap   total 92160K, used 55964K [0x0000000080000000, 0x0000000100000000)
  region size 1024K, 3 young (3072K), 3 survivors (3072K)
 Metaspace       used 52946K, committed 54784K, reserved 491520K
  class space    used 7697K, committed 8576K, reserved 425984K
}
Event: 19.561 GC heap before
{Heap before GC invocations=16 (full 0):
 garbage-first heap   total 92160K, used 77468K [0x0000000080000000, 0x0000000100000000)
  region size 1024K, 25 young (25600K), 3 survivors (3072K)
 Metaspace       used 55165K, committed 57088K, reserved 491520K
  class space    used 8075K, committed 9024K, reserved 425984K
}
Event: 19.566 GC heap after
{Heap after GC invocations=17 (full 0):
 garbage-first heap   total 92160K, used 56742K [0x0000000080000000, 0x0000000100000000)
  region size 1024K, 2 young (2048K), 2 survivors (2048K)
 Metaspace       used 55165K, committed 57088K, reserved 491520K
  class space    used 8075K, committed 9024K, reserved 425984K
}
Event: 19.701 GC heap before
{Heap before GC invocations=17 (full 0):
 garbage-first heap   total 92160K, used 63910K [0x0000000080000000, 0x0000000100000000)
  region size 1024K, 10 young (10240K), 2 survivors (2048K)
 Metaspace       used 55938K, committed 57856K, reserved 491520K
  class space    used 8215K, committed 9152K, reserved 425984K
}
Event: 19.704 GC heap after
{Heap after GC invocations=18 (full 0):
 garbage-first heap   total 92160K, used 57142K [0x0000000080000000, 0x0000000100000000)
  region size 1024K, 2 young (2048K), 2 survivors (2048K)
 Metaspace       used 55938K, committed 57856K, reserved 491520K
  class space    used 8215K, committed 9152K, reserved 425984K
}
Event: 20.034 GC heap before
{Heap before GC invocations=19 (full 0):
 garbage-first heap   total 104448K, used 83766K [0x0000000080000000, 0x0000000100000000)
  region size 1024K, 25 young (25600K), 2 survivors (2048K)
 Metaspace       used 57718K, committed 59712K, reserved 491520K
  class space    used 8448K, committed 9408K, reserved 425984K
}
Event: 20.037 GC heap after
{Heap after GC invocations=20 (full 0):
 garbage-first heap   total 104448K, used 62228K [0x0000000080000000, 0x0000000100000000)
  region size 1024K, 3 young (3072K), 3 survivors (3072K)
 Metaspace       used 57718K, committed 59712K, reserved 491520K
  class space    used 8448K, committed 9408K, reserved 425984K
}
Event: 20.377 GC heap before
{Heap before GC invocations=20 (full 0):
 garbage-first heap   total 104448K, used 89876K [0x0000000080000000, 0x0000000100000000)
  region size 1024K, 30 young (30720K), 3 survivors (3072K)
 Metaspace       used 60595K, committed 62528K, reserved 491520K
  class space    used 8851K, committed 9792K, reserved 425984K
}
Event: 20.381 GC heap after
{Heap after GC invocations=21 (full 0):
 garbage-first heap   total 104448K, used 62954K [0x0000000080000000, 0x0000000100000000)
  region size 1024K, 3 young (3072K), 3 survivors (3072K)
 Metaspace       used 60595K, committed 62528K, reserved 491520K
  class space    used 8851K, committed 9792K, reserved 425984K
}
Event: 20.851 GC heap before
{Heap before GC invocations=21 (full 0):
 garbage-first heap   total 104448K, used 91626K [0x0000000080000000, 0x0000000100000000)
  region size 1024K, 31 young (31744K), 3 survivors (3072K)
 Metaspace       used 62935K, committed 64896K, reserved 491520K
  class space    used 9140K, committed 10112K, reserved 425984K
}
Event: 20.857 GC heap after
{Heap after GC invocations=22 (full 0):
 garbage-first heap   total 104448K, used 66290K [0x0000000080000000, 0x0000000100000000)
  region size 1024K, 4 young (4096K), 4 survivors (4096K)
 Metaspace       used 62935K, committed 64896K, reserved 491520K
  class space    used 9140K, committed 10112K, reserved 425984K
}

