# JRE version: OpenJDK Runtime Environment Temurin-21.0.9+10 (21.0.9+10) (build 21.0.9+10-LTS)
# Java VM: OpenJDK 64-Bit Server VM Temurin-21.0.9+10 (21.0.9+10-LTS, mixed mode, sharing, tiered, compressed oops, compressed class ptrs, parallel gc, windows-amd64)
GC Precious Log:
 CardTable entry size: 512
 CPUs: 12 total, 12 available
 Memory: 8059M
 Large Page Support: Disabled
 NUMA Support: Disabled
 Compressed Oops: Enabled (32-bit)
 Alignments: Space 512K, Generation 512K, Heap 2M
 Heap Min Capacity: 100M
 Heap Initial Capacity: 100M
 Heap Max Capacity: 2G
 Pre-touch: Disabled
 Parallel Workers: 10
Heap:
 PSYoungGen      total 14848K, used 6654K [0x00000000d5580000, 0x00000000d6680000, 0x0000000100000000)
  eden space 13824K, 41% used [0x00000000d5580000,0x00000000d5b1fa18,0x00000000d6300000)
  from space 1024K, 87% used [0x00000000d6580000,0x00000000d6660000,0x00000000d6680000)
  to   space 1536K, 0% used [0x00000000d6380000,0x00000000d6380000,0x00000000d6500000)
 ParOldGen       total 89088K, used 88675K [0x0000000080000000, 0x0000000085700000, 0x00000000d5580000)
  object space 89088K, 99% used [0x0000000080000000,0x0000000085698e58,0x0000000085700000)
 Metaspace       used 67469K, committed 68928K, reserved 1114112K
  class space    used 8350K, committed 9024K, reserved 1048576K
GC Heap History (20 events):
Event: 42.643 GC heap before
{Heap before GC invocations=105 (full 3):
 PSYoungGen      total 15360K, used 15216K [0x00000000d5580000, 0x00000000d6600000, 0x0000000100000000)
  eden space 13824K, 100% used [0x00000000d5580000,0x00000000d6300000,0x00000000d6300000)
  from space 1536K, 90% used [0x00000000d6300000,0x00000000d645c008,0x00000000d6480000)
  to   space 1536K, 0% used [0x00000000d6480000,0x00000000d6480000,0x00000000d6600000)
 ParOldGen       total 78336K, used 78268K [0x0000000080000000, 0x0000000084c80000, 0x00000000d5580000)
  object space 78336K, 99% used [0x0000000080000000,0x0000000084c6f230,0x0000000084c80000)
 Metaspace       used 67443K, committed 68928K, reserved 1114112K
  class space    used 8350K, committed 9024K, reserved 1048576K
}
Event: 42.646 GC heap after
{Heap after GC invocations=105 (full 3):
 PSYoungGen      total 15360K, used 1248K [0x00000000d5580000, 0x00000000d6600000, 0x0000000100000000)
  eden space 13824K, 0% used [0x00000000d5580000,0x00000000d5580000,0x00000000d6300000)
  from space 1536K, 81% used [0x00000000d6480000,0x00000000d65b8000,0x00000000d6600000)
  to   space 1536K, 0% used [0x00000000d6300000,0x00000000d6300000,0x00000000d6480000)
 ParOldGen       total 79872K, used 79540K [0x0000000080000000, 0x0000000084e00000, 0x00000000d5580000)
  object space 79872K, 99% used [0x0000000080000000,0x0000000084dad238,0x0000000084e00000)
 Metaspace       used 67443K, committed 68928K, reserved 1114112K
  class space    used 8350K, committed 9024K, reserved 1048576K
}
Event: 42.694 GC heap before
{Heap before GC invocations=106 (full 3):
 PSYoungGen      total 15360K, used 15072K [0x00000000d5580000, 0x00000000d6600000, 0x0000000100000000)
  eden space 13824K, 100% used [0x00000000d5580000,0x00000000d6300000,0x00000000d6300000)
  from space 1536K, 81% used [0x00000000d6480000,0x00000000d65b8000,0x00000000d6600000)
  to   space 1536K, 0% used [0x00000000d6300000,0x00000000d6300000,0x00000000d6480000)
 ParOldGen       total 79872K, used 79540K [0x0000000080000000, 0x0000000084e00000, 0x00000000d5580000)
  object space 79872K, 99% used [0x0000000080000000,0x0000000084dad238,0x0000000084e00000)
 Metaspace       used 67443K, committed 68928K, reserved 1114112K
  class space    used 8350K, committed 9024K, reserved 1048576K
}
Event: 42.696 GC heap after
{Heap after GC invocations=106 (full 3):
 PSYoungGen      total 15360K, used 1110K [0x00000000d5580000, 0x00000000d6600000, 0x0000000100000000)
  eden space 13824K, 0% used [0x00000000d5580000,0x00000000d5580000,0x00000000d6300000)
  from space 1536K, 72% used [0x00000000d6300000,0x00000000d6415810,0x00000000d6480000)
  to   space 1536K, 0% used [0x00000000d6480000,0x00000000d6480000,0x00000000d6600000)
 ParOldGen       total 80896K, used 80561K [0x0000000080000000, 0x0000000084f00000, 0x00000000d5580000)
  object space 80896K, 99% used [0x0000000080000000,0x0000000084eac440,0x0000000084f00000)
 Metaspace       used 67443K, committed 68928K, reserved 1114112K
  class space    used 8350K, committed 9024K, reserved 1048576K
}
Event: 42.743 GC heap before
{Heap before GC invocations=107 (full 3):
 PSYoungGen      total 15360K, used 14934K [0x00000000d5580000, 0x00000000d6600000, 0x0000000100000000)
  eden space 13824K, 100% used [0x00000000d5580000,0x00000000d6300000,0x00000000d6300000)
  from space 1536K, 72% used [0x00000000d6300000,0x00000000d6415810,0x00000000d6480000)
  to   space 1536K, 0% used [0x00000000d6480000,0x00000000d6480000,0x00000000d6600000)
 ParOldGen       total 80896K, used 80561K [0x0000000080000000, 0x0000000084f00000, 0x00000000d5580000)
  object space 80896K, 99% used [0x0000000080000000,0x0000000084eac440,0x0000000084f00000)
 Metaspace       used 67457K, committed 68928K, reserved 1114112K
  class space    used 8350K, committed 9024K, reserved 1048576K
}
Event: 42.745 GC heap after
{Heap after GC invocations=107 (full 3):
 PSYoungGen      total 15360K, used 1248K [0x00000000d5580000, 0x00000000d6600000, 0x0000000100000000)
  eden space 13824K, 0% used [0x00000000d5580000,0x00000000d5580000,0x00000000d6300000)
  from space 1536K, 81% used [0x00000000d6480000,0x00000000d65b8000,0x00000000d6600000)
  to   space 1536K, 0% used [0x00000000d6300000,0x00000000d6300000,0x00000000d6480000)
 ParOldGen       total 81920K, used 81535K [0x0000000080000000, 0x0000000085000000, 0x00000000d5580000)
  object space 81920K, 99% used [0x0000000080000000,0x0000000084f9fc50,0x0000000085000000)
 Metaspace       used 67457K, committed 68928K, reserved 1114112K
  class space    used 8350K, committed 9024K, reserved 1048576K
}
Event: 42.773 GC heap before
{Heap before GC invocations=108 (full 3):
 PSYoungGen      total 15360K, used 15072K [0x00000000d5580000, 0x00000000d6600000, 0x0000000100000000)
  eden space 13824K, 100% used [0x00000000d5580000,0x00000000d6300000,0x00000000d6300000)
  from space 1536K, 81% used [0x00000000d6480000,0x00000000d65b8000,0x00000000d6600000)
  to   space 1536K, 0% used [0x00000000d6300000,0x00000000d6300000,0x00000000d6480000)
 ParOldGen       total 81920K, used 81535K [0x0000000080000000, 0x0000000085000000, 0x00000000d5580000)
  object space 81920K, 99% used [0x0000000080000000,0x0000000084f9fc50,0x0000000085000000)
 Metaspace       used 67457K, committed 68928K, reserved 1114112K
  class space    used 8350K, committed 9024K, reserved 1048576K
}
Event: 42.775 GC heap after
{Heap after GC invocations=108 (full 3):
 PSYoungGen      total 15360K, used 1056K [0x00000000d5580000, 0x00000000d6600000, 0x0000000100000000)
  eden space 13824K, 0% used [0x00000000d5580000,0x00000000d5580000,0x00000000d6300000)
  from space 1536K, 68% used [0x00000000d6300000,0x00000000d6408000,0x00000000d6480000)
  to   space 1536K, 0% used [0x00000000d6480000,0x00000000d6480000,0x00000000d6600000)
 ParOldGen       total 82944K, used 82639K [0x0000000080000000, 0x0000000085100000, 0x00000000d5580000)
  object space 82944K, 99% used [0x0000000080000000,0x00000000850b3c50,0x0000000085100000)
 Metaspace       used 67457K, committed 68928K, reserved 1114112K
  class space    used 8350K, committed 9024K, reserved 1048576K
}
Event: 42.815 GC heap before
{Heap before GC invocations=109 (full 3):
 PSYoungGen      total 15360K, used 14880K [0x00000000d5580000, 0x00000000d6600000, 0x0000000100000000)
  eden space 13824K, 100% used [0x00000000d5580000,0x00000000d6300000,0x00000000d6300000)
  from space 1536K, 68% used [0x00000000d6300000,0x00000000d6408000,0x00000000d6480000)
  to   space 1536K, 0% used [0x00000000d6480000,0x00000000d6480000,0x00000000d6600000)
 ParOldGen       total 82944K, used 82639K [0x0000000080000000, 0x0000000085100000, 0x00000000d5580000)
  object space 82944K, 99% used [0x0000000080000000,0x00000000850b3c50,0x0000000085100000)
 Metaspace       used 67457K, committed 68928K, reserved 1114112K
  class space    used 8350K, committed 9024K, reserved 1048576K
}
Event: 42.816 GC heap after
{Heap after GC invocations=109 (full 3):
 PSYoungGen      total 15360K, used 1056K [0x00000000d5580000, 0x00000000d6600000, 0x0000000100000000)
  eden space 13824K, 0% used [0x00000000d5580000,0x00000000d5580000,0x00000000d6300000)
  from space 1536K, 68% used [0x00000000d6480000,0x00000000d6588000,0x00000000d6600000)
  to   space 1536K, 0% used [0x00000000d6300000,0x00000000d6300000,0x00000000d6480000)
 ParOldGen       total 83968K, used 83547K [0x0000000080000000, 0x0000000085200000, 0x00000000d5580000)
  object space 83968K, 99% used [0x0000000080000000,0x0000000085196e58,0x0000000085200000)
 Metaspace       used 67457K, committed 68928K, reserved 1114112K
  class space    used 8350K, committed 9024K, reserved 1048576K
}
Event: 42.860 GC heap before
{Heap before GC invocations=110 (full 3):
 PSYoungGen      total 15360K, used 14880K [0x00000000d5580000, 0x00000000d6600000, 0x0000000100000000)
  eden space 13824K, 100% used [0x00000000d5580000,0x00000000d6300000,0x00000000d6300000)
  from space 1536K, 68% used [0x00000000d6480000,0x00000000d6588000,0x00000000d6600000)
  to   space 1536K, 0% used [0x00000000d6300000,0x00000000d6300000,0x00000000d6480000)
 ParOldGen       total 83968K, used 83547K [0x0000000080000000, 0x0000000085200000, 0x00000000d5580000)
  object space 83968K, 99% used [0x0000000080000000,0x0000000085196e58,0x0000000085200000)
 Metaspace       used 67462K, committed 68928K, reserved 1114112K
  class space    used 8350K, committed 9024K, reserved 1048576K
}
Event: 42.861 GC heap after
{Heap after GC invocations=110 (full 3):
 PSYoungGen      total 15360K, used 1088K [0x00000000d5580000, 0x00000000d6600000, 0x0000000100000000)
  eden space 13824K, 0% used [0x00000000d5580000,0x00000000d5580000,0x00000000d6300000)
  from space 1536K, 70% used [0x00000000d6300000,0x00000000d6410000,0x00000000d6480000)
  to   space 1536K, 0% used [0x00000000d6480000,0x00000000d6480000,0x00000000d6600000)
 ParOldGen       total 84480K, used 84371K [0x0000000080000000, 0x0000000085280000, 0x00000000d5580000)
  object space 84480K, 99% used [0x0000000080000000,0x0000000085264e58,0x0000000085280000)
 Metaspace       used 67462K, committed 68928K, reserved 1114112K
  class space    used 8350K, committed 9024K, reserved 1048576K
}
Event: 42.898 GC heap before
{Heap before GC invocations=111 (full 3):
 PSYoungGen      total 15360K, used 14912K [0x00000000d5580000, 0x00000000d6600000, 0x0000000100000000)
  eden space 13824K, 100% used [0x00000000d5580000,0x00000000d6300000,0x00000000d6300000)
  from space 1536K, 70% used [0x00000000d6300000,0x00000000d6410000,0x00000000d6480000)
  to   space 1536K, 0% used [0x00000000d6480000,0x00000000d6480000,0x00000000d6600000)
 ParOldGen       total 84480K, used 84371K [0x0000000080000000, 0x0000000085280000, 0x00000000d5580000)
  object space 84480K, 99% used [0x0000000080000000,0x0000000085264e58,0x0000000085280000)
 Metaspace       used 67462K, committed 68928K, reserved 1114112K
  class space    used 8350K, committed 9024K, reserved 1048576K
}
Event: 42.900 GC heap after
{Heap after GC invocations=111 (full 3):
 PSYoungGen      total 15360K, used 1088K [0x00000000d5580000, 0x00000000d6600000, 0x0000000100000000)
  eden space 13824K, 0% used [0x00000000d5580000,0x00000000d5580000,0x00000000d6300000)
  from space 1536K, 70% used [0x00000000d6480000,0x00000000d6590000,0x00000000d6600000)
  to   space 1536K, 0% used [0x00000000d6300000,0x00000000d6300000,0x00000000d6480000)
 ParOldGen       total 85504K, used 85315K [0x0000000080000000, 0x0000000085380000, 0x00000000d5580000)
  object space 85504K, 99% used [0x0000000080000000,0x0000000085350e58,0x0000000085380000)
 Metaspace       used 67462K, committed 68928K, reserved 1114112K
  class space    used 8350K, committed 9024K, reserved 1048576K
}
Event: 43.912 GC heap before
{Heap before GC invocations=112 (full 3):
 PSYoungGen      total 15360K, used 14912K [0x00000000d5580000, 0x00000000d6600000, 0x0000000100000000)
  eden space 13824K, 100% used [0x00000000d5580000,0x00000000d6300000,0x00000000d6300000)
  from space 1536K, 70% used [0x00000000d6480000,0x00000000d6590000,0x00000000d6600000)
  to   space 1536K, 0% used [0x00000000d6300000,0x00000000d6300000,0x00000000d6480000)
 ParOldGen       total 85504K, used 85315K [0x0000000080000000, 0x0000000085380000, 0x00000000d5580000)
  object space 85504K, 99% used [0x0000000080000000,0x0000000085350e58,0x0000000085380000)
 Metaspace       used 67463K, committed 68928K, reserved 1114112K
  class space    used 8350K, committed 9024K, reserved 1048576K
}
Event: 43.914 GC heap after
{Heap after GC invocations=112 (full 3):
 PSYoungGen      total 14848K, used 832K [0x00000000d5580000, 0x00000000d6500000, 0x0000000100000000)
  eden space 13824K, 0% used [0x00000000d5580000,0x00000000d5580000,0x00000000d6300000)
  from space 1024K, 81% used [0x00000000d6300000,0x00000000d63d0000,0x00000000d6400000)
  to   space 1024K, 0% used [0x00000000d6400000,0x00000000d6400000,0x00000000d6500000)
 ParOldGen       total 86528K, used 86259K [0x0000000080000000, 0x0000000085480000, 0x00000000d5580000)
  object space 86528K, 99% used [0x0000000080000000,0x000000008543ce58,0x0000000085480000)
 Metaspace       used 67463K, committed 68928K, reserved 1114112K
  class space    used 8350K, committed 9024K, reserved 1048576K
}
Event: 43.958 GC heap before
{Heap before GC invocations=113 (full 3):
 PSYoungGen      total 14848K, used 14656K [0x00000000d5580000, 0x00000000d6500000, 0x0000000100000000)
  eden space 13824K, 100% used [0x00000000d5580000,0x00000000d6300000,0x00000000d6300000)
  from space 1024K, 81% used [0x00000000d6300000,0x00000000d63d0000,0x00000000d6400000)
  to   space 1024K, 0% used [0x00000000d6400000,0x00000000d6400000,0x00000000d6500000)
 ParOldGen       total 86528K, used 86259K [0x0000000080000000, 0x0000000085480000, 0x00000000d5580000)
  object space 86528K, 99% used [0x0000000080000000,0x000000008543ce58,0x0000000085480000)
 Metaspace       used 67463K, committed 68928K, reserved 1114112K
  class space    used 8350K, committed 9024K, reserved 1048576K
}
Event: 45.956 GC heap after
{Heap after GC invocations=113 (full 3):
 PSYoungGen      total 14848K, used 1024K [0x00000000d5580000, 0x00000000d6500000, 0x0000000100000000)
  eden space 13824K, 0% used [0x00000000d5580000,0x00000000d5580000,0x00000000d6300000)
  from space 1024K, 100% used [0x00000000d6400000,0x00000000d6500000,0x00000000d6500000)
  to   space 1024K, 0% used [0x00000000d6300000,0x00000000d6300000,0x00000000d6400000)
 ParOldGen       total 87040K, used 86947K [0x0000000080000000, 0x0000000085500000, 0x00000000d5580000)
  object space 87040K, 99% used [0x0000000080000000,0x00000000854e8e58,0x0000000085500000)
 Metaspace       used 67463K, committed 68928K, reserved 1114112K
  class space    used 8350K, committed 9024K, reserved 1048576K
}
Event: 46.002 GC heap before
{Heap before GC invocations=114 (full 3):
 PSYoungGen      total 14848K, used 14848K [0x00000000d5580000, 0x00000000d6500000, 0x0000000100000000)
  eden space 13824K, 100% used [0x00000000d5580000,0x00000000d6300000,0x00000000d6300000)
  from space 1024K, 100% used [0x00000000d6400000,0x00000000d6500000,0x00000000d6500000)
  to   space 1024K, 0% used [0x00000000d6300000,0x00000000d6300000,0x00000000d6400000)
 ParOldGen       total 87040K, used 86947K [0x0000000080000000, 0x0000000085500000, 0x00000000d5580000)
  object space 87040K, 99% used [0x0000000080000000,0x00000000854e8e58,0x0000000085500000)
 Metaspace       used 67463K, committed 68928K, reserved 1114112K
  class space    used 8350K, committed 9024K, reserved 1048576K
}
Event: 46.004 GC heap after
{Heap after GC invocations=114 (full 3):
 PSYoungGen      total 14848K, used 1024K [0x00000000d5580000, 0x00000000d6800000, 0x0000000100000000)
  eden space 13824K, 0% used [0x00000000d5580000,0x00000000d5580000,0x00000000d6300000)
  from space 1024K, 100% used [0x00000000d6300000,0x00000000d6400000,0x00000000d6400000)
  to   space 2560K, 0% used [0x00000000d6580000,0x00000000d6580000,0x00000000d6800000)
 ParOldGen       total 88064K, used 87875K [0x0000000080000000, 0x0000000085600000, 0x00000000d5580000)
  object space 88064K, 99% used [0x0000000080000000,0x00000000855d0e58,0x0000000085600000)
 Metaspace       used 67463K, committed 68928K, reserved 1114112K
  class space    used 8350K, committed 9024K, reserved 1048576K
}

