# JRE version: OpenJDK Runtime Environment Temurin-21.0.10+7 (21.0.10+7) (build 21.0.10+7-LTS)
# Java VM: OpenJDK 64-Bit Server VM Temurin-21.0.10+7 (21.0.10+7-LTS, mixed mode, sharing, tiered, compressed oops, compressed class ptrs, parallel gc, windows-amd64)
GC Precious Log:
 CardTable entry size: 512
 CPUs: 12 total, 12 available
 Memory: 8059M
 Large Page Support: Disabled
 NUMA Support: Disabled
 Compressed Oops: Enabled (32-bit)
 Alignments: Space 512K, Generation 512K, Heap 2M
 Heap Min Capacity: 100M
 Heap Initial Capacity: 100M
 Heap Max Capacity: 2G
 Pre-touch: Disabled
 Parallel Workers: 10
Heap:
 PSYoungGen      total 1536K, used 358K [0x00000000d5580000, 0x00000000d5800000, 0x0000000100000000)
  eden space 1024K, 10% used [0x00000000d5580000,0x00000000d5599a20,0x00000000d5680000)
  from space 512K, 50% used [0x00000000d5700000,0x00000000d5740000,0x00000000d5780000)
  to   space 512K, 0% used [0x00000000d5780000,0x00000000d5780000,0x00000000d5800000)
 ParOldGen       total 398848K, used 93331K [0x0000000080000000, 0x0000000098580000, 0x00000000d5580000)
  object space 398848K, 23% used [0x0000000080000000,0x0000000085b24df8,0x0000000098580000)
 Metaspace       used 84477K, committed 86400K, reserved 1179648K
  class space    used 9749K, committed 10624K, reserved 1048576K
GC Heap History (20 events):
Event: 6844.556 GC heap before
{Heap before GC invocations=1724 (full 4):
 PSYoungGen      total 1536K, used 1535K [0x00000000d5580000, 0x00000000d5880000, 0x0000000100000000)
  eden space 1024K, 99% used [0x00000000d5580000,0x00000000d567fff0,0x00000000d5680000)
  from space 512K, 100% used [0x00000000d5780000,0x00000000d5800000,0x00000000d5800000)
  to   space 512K, 0% used [0x00000000d5800000,0x00000000d5800000,0x00000000d5880000)
 ParOldGen       total 398848K, used 91039K [0x0000000080000000, 0x0000000098580000, 0x00000000d5580000)
  object space 398848K, 22% used [0x0000000080000000,0x00000000858e7cd8,0x0000000098580000)
 Metaspace       used 84456K, committed 86400K, reserved 1179648K
  class space    used 9749K, committed 10624K, reserved 1048576K
}
Event: 6844.559 GC heap after
{Heap after GC invocations=1724 (full 4):
 PSYoungGen      total 1536K, used 416K [0x00000000d5580000, 0x00000000d5880000, 0x0000000100000000)
  eden space 1024K, 0% used [0x00000000d5580000,0x00000000d5580000,0x00000000d5680000)
  from space 512K, 81% used [0x00000000d5800000,0x00000000d5868000,0x00000000d5880000)
  to   space 512K, 0% used [0x00000000d5780000,0x00000000d5780000,0x00000000d5800000)
 ParOldGen       total 398848K, used 91391K [0x0000000080000000, 0x0000000098580000, 0x00000000d5580000)
  object space 398848K, 22% used [0x0000000080000000,0x000000008593fd18,0x0000000098580000)
 Metaspace       used 84456K, committed 86400K, reserved 1179648K
  class space    used 9749K, committed 10624K, reserved 1048576K
}
Event: 6844.709 GC heap before
{Heap before GC invocations=1725 (full 4):
 PSYoungGen      total 1536K, used 1440K [0x00000000d5580000, 0x00000000d5880000, 0x0000000100000000)
  eden space 1024K, 100% used [0x00000000d5580000,0x00000000d5680000,0x00000000d5680000)
  from space 512K, 81% used [0x00000000d5800000,0x00000000d5868000,0x00000000d5880000)
  to   space 512K, 0% used [0x00000000d5780000,0x00000000d5780000,0x00000000d5800000)
 ParOldGen       total 398848K, used 91391K [0x0000000080000000, 0x0000000098580000, 0x00000000d5580000)
  object space 398848K, 22% used [0x0000000080000000,0x000000008593fd18,0x0000000098580000)
 Metaspace       used 84456K, committed 86400K, reserved 1179648K
  class space    used 9749K, committed 10624K, reserved 1048576K
}
Event: 6844.714 GC heap after
{Heap after GC invocations=1725 (full 4):
 PSYoungGen      total 1536K, used 352K [0x00000000d5580000, 0x00000000d5880000, 0x0000000100000000)
  eden space 1024K, 0% used [0x00000000d5580000,0x00000000d5580000,0x00000000d5680000)
  from space 512K, 68% used [0x00000000d5780000,0x00000000d57d8000,0x00000000d5800000)
  to   space 512K, 0% used [0x00000000d5800000,0x00000000d5800000,0x00000000d5880000)
 ParOldGen       total 398848K, used 91630K [0x0000000080000000, 0x0000000098580000, 0x00000000d5580000)
  object space 398848K, 22% used [0x0000000080000000,0x000000008597ba50,0x0000000098580000)
 Metaspace       used 84456K, committed 86400K, reserved 1179648K
  class space    used 9749K, committed 10624K, reserved 1048576K
}
Event: 6844.756 GC heap before
{Heap before GC invocations=1726 (full 4):
 PSYoungGen      total 1536K, used 1375K [0x00000000d5580000, 0x00000000d5880000, 0x0000000100000000)
  eden space 1024K, 99% used [0x00000000d5580000,0x00000000d567fff8,0x00000000d5680000)
  from space 512K, 68% used [0x00000000d5780000,0x00000000d57d8000,0x00000000d5800000)
  to   space 512K, 0% used [0x00000000d5800000,0x00000000d5800000,0x00000000d5880000)
 ParOldGen       total 398848K, used 91630K [0x0000000080000000, 0x0000000098580000, 0x00000000d5580000)
  object space 398848K, 22% used [0x0000000080000000,0x000000008597ba50,0x0000000098580000)
 Metaspace       used 84457K, committed 86400K, reserved 1179648K
  class space    used 9749K, committed 10624K, reserved 1048576K
}
Event: 6844.759 GC heap after
{Heap after GC invocations=1726 (full 4):
 PSYoungGen      total 1536K, used 512K [0x00000000d5580000, 0x00000000d5880000, 0x0000000100000000)
  eden space 1024K, 0% used [0x00000000d5580000,0x00000000d5580000,0x00000000d5680000)
  from space 512K, 100% used [0x00000000d5800000,0x00000000d5880000,0x00000000d5880000)
  to   space 1024K, 0% used [0x00000000d5680000,0x00000000d5680000,0x00000000d5780000)
 ParOldGen       total 398848K, used 91862K [0x0000000080000000, 0x0000000098580000, 0x00000000d5580000)
  object space 398848K, 23% used [0x0000000080000000,0x00000000859b5a70,0x0000000098580000)
 Metaspace       used 84457K, committed 86400K, reserved 1179648K
  class space    used 9749K, committed 10624K, reserved 1048576K
}
Event: 6844.798 GC heap before
{Heap before GC invocations=1727 (full 4):
 PSYoungGen      total 1536K, used 1536K [0x00000000d5580000, 0x00000000d5880000, 0x0000000100000000)
  eden space 1024K, 100% used [0x00000000d5580000,0x00000000d5680000,0x00000000d5680000)
  from space 512K, 100% used [0x00000000d5800000,0x00000000d5880000,0x00000000d5880000)
  to   space 1024K, 0% used [0x00000000d5680000,0x00000000d5680000,0x00000000d5780000)
 ParOldGen       total 398848K, used 91862K [0x0000000080000000, 0x0000000098580000, 0x00000000d5580000)
  object space 398848K, 23% used [0x0000000080000000,0x00000000859b5a70,0x0000000098580000)
 Metaspace       used 84458K, committed 86400K, reserved 1179648K
  class space    used 9749K, committed 10624K, reserved 1048576K
}
Event: 6844.802 GC heap after
{Heap after GC invocations=1727 (full 4):
 PSYoungGen      total 2048K, used 480K [0x00000000d5580000, 0x00000000d5880000, 0x0000000100000000)
  eden space 1024K, 0% used [0x00000000d5580000,0x00000000d5580000,0x00000000d5680000)
  from space 1024K, 46% used [0x00000000d5680000,0x00000000d56f8000,0x00000000d5780000)
  to   space 1024K, 0% used [0x00000000d5780000,0x00000000d5780000,0x00000000d5880000)
 ParOldGen       total 398848K, used 92384K [0x0000000080000000, 0x0000000098580000, 0x00000000d5580000)
  object space 398848K, 23% used [0x0000000080000000,0x0000000085a38298,0x0000000098580000)
 Metaspace       used 84458K, committed 86400K, reserved 1179648K
  class space    used 9749K, committed 10624K, reserved 1048576K
}
Event: 6844.930 GC heap before
{Heap before GC invocations=1728 (full 4):
 PSYoungGen      total 2048K, used 1504K [0x00000000d5580000, 0x00000000d5880000, 0x0000000100000000)
  eden space 1024K, 100% used [0x00000000d5580000,0x00000000d5680000,0x00000000d5680000)
  from space 1024K, 46% used [0x00000000d5680000,0x00000000d56f8000,0x00000000d5780000)
  to   space 1024K, 0% used [0x00000000d5780000,0x00000000d5780000,0x00000000d5880000)
 ParOldGen       total 398848K, used 92384K [0x0000000080000000, 0x0000000098580000, 0x00000000d5580000)
  object space 398848K, 23% used [0x0000000080000000,0x0000000085a38298,0x0000000098580000)
 Metaspace       used 84458K, committed 86400K, reserved 1179648K
  class space    used 9749K, committed 10624K, reserved 1048576K
}
Event: 6844.932 GC heap after
{Heap after GC invocations=1728 (full 4):
 PSYoungGen      total 1536K, used 416K [0x00000000d5580000, 0x00000000d5800000, 0x0000000100000000)
  eden space 1024K, 0% used [0x00000000d5580000,0x00000000d5580000,0x00000000d5680000)
  from space 512K, 81% used [0x00000000d5780000,0x00000000d57e8000,0x00000000d5800000)
  to   space 512K, 0% used [0x00000000d5700000,0x00000000d5700000,0x00000000d5780000)
 ParOldGen       total 398848K, used 92713K [0x0000000080000000, 0x0000000098580000, 0x00000000d5580000)
  object space 398848K, 23% used [0x0000000080000000,0x0000000085a8a610,0x0000000098580000)
 Metaspace       used 84458K, committed 86400K, reserved 1179648K
  class space    used 9749K, committed 10624K, reserved 1048576K
}
Event: 6944.627 GC heap before
{Heap before GC invocations=1729 (full 4):
 PSYoungGen      total 1536K, used 1439K [0x00000000d5580000, 0x00000000d5800000, 0x0000000100000000)
  eden space 1024K, 99% used [0x00000000d5580000,0x00000000d567ffa0,0x00000000d5680000)
  from space 512K, 81% used [0x00000000d5780000,0x00000000d57e8000,0x00000000d5800000)
  to   space 512K, 0% used [0x00000000d5700000,0x00000000d5700000,0x00000000d5780000)
 ParOldGen       total 398848K, used 92713K [0x0000000080000000, 0x0000000098580000, 0x00000000d5580000)
  object space 398848K, 23% used [0x0000000080000000,0x0000000085a8a610,0x0000000098580000)
 Metaspace       used 84460K, committed 86400K, reserved 1179648K
  class space    used 9749K, committed 10624K, reserved 1048576K
}
Event: 6944.655 GC heap after
{Heap after GC invocations=1729 (full 4):
 PSYoungGen      total 1536K, used 320K [0x00000000d5580000, 0x00000000d5800000, 0x0000000100000000)
  eden space 1024K, 0% used [0x00000000d5580000,0x00000000d5580000,0x00000000d5680000)
  from space 512K, 62% used [0x00000000d5700000,0x00000000d5750000,0x00000000d5780000)
  to   space 512K, 0% used [0x00000000d5780000,0x00000000d5780000,0x00000000d5800000)
 ParOldGen       total 398848K, used 92969K [0x0000000080000000, 0x0000000098580000, 0x00000000d5580000)
  object space 398848K, 23% used [0x0000000080000000,0x0000000085aca610,0x0000000098580000)
 Metaspace       used 84460K, committed 86400K, reserved 1179648K
  class space    used 9749K, committed 10624K, reserved 1048576K
}
Event: 6944.956 GC heap before
{Heap before GC invocations=1730 (full 4):
 PSYoungGen      total 1536K, used 1344K [0x00000000d5580000, 0x00000000d5800000, 0x0000000100000000)
  eden space 1024K, 100% used [0x00000000d5580000,0x00000000d5680000,0x00000000d5680000)
  from space 512K, 62% used [0x00000000d5700000,0x00000000d5750000,0x00000000d5780000)
  to   space 512K, 0% used [0x00000000d5780000,0x00000000d5780000,0x00000000d5800000)
 ParOldGen       total 398848K, used 92969K [0x0000000080000000, 0x0000000098580000, 0x00000000d5580000)
  object space 398848K, 23% used [0x0000000080000000,0x0000000085aca610,0x0000000098580000)
 Metaspace       used 84465K, committed 86400K, reserved 1179648K
  class space    used 9749K, committed 10624K, reserved 1048576K
}
Event: 6944.960 GC heap after
{Heap after GC invocations=1730 (full 4):
 PSYoungGen      total 1536K, used 288K [0x00000000d5580000, 0x00000000d5800000, 0x0000000100000000)
  eden space 1024K, 0% used [0x00000000d5580000,0x00000000d5580000,0x00000000d5680000)
  from space 512K, 56% used [0x00000000d5780000,0x00000000d57c8000,0x00000000d5800000)
  to   space 512K, 0% used [0x00000000d5700000,0x00000000d5700000,0x00000000d5780000)
 ParOldGen       total 398848K, used 93179K [0x0000000080000000, 0x0000000098580000, 0x00000000d5580000)
  object space 398848K, 23% used [0x0000000080000000,0x0000000085afedf8,0x0000000098580000)
 Metaspace       used 84465K, committed 86400K, reserved 1179648K
  class space    used 9749K, committed 10624K, reserved 1048576K
}
Event: 7132.583 GC heap before
{Heap before GC invocations=1731 (full 4):
 PSYoungGen      total 1536K, used 1311K [0x00000000d5580000, 0x00000000d5800000, 0x0000000100000000)
  eden space 1024K, 99% used [0x00000000d5580000,0x00000000d567fff8,0x00000000d5680000)
  from space 512K, 56% used [0x00000000d5780000,0x00000000d57c8000,0x00000000d5800000)
  to   space 512K, 0% used [0x00000000d5700000,0x00000000d5700000,0x00000000d5780000)
 ParOldGen       total 398848K, used 93179K [0x0000000080000000, 0x0000000098580000, 0x00000000d5580000)
  object space 398848K, 23% used [0x0000000080000000,0x0000000085afedf8,0x0000000098580000)
 Metaspace       used 84468K, committed 86400K, reserved 1179648K
  class space    used 9749K, committed 10624K, reserved 1048576K
}
Event: 7132.637 GC heap after
{Heap after GC invocations=1731 (full 4):
 PSYoungGen      total 1536K, used 256K [0x00000000d5580000, 0x00000000d5800000, 0x0000000100000000)
  eden space 1024K, 0% used [0x00000000d5580000,0x00000000d5580000,0x00000000d5680000)
  from space 512K, 50% used [0x00000000d5700000,0x00000000d5740000,0x00000000d5780000)
  to   space 512K, 0% used [0x00000000d5780000,0x00000000d5780000,0x00000000d5800000)
 ParOldGen       total 398848K, used 93259K [0x0000000080000000, 0x0000000098580000, 0x00000000d5580000)
  object space 398848K, 23% used [0x0000000080000000,0x0000000085b12df8,0x0000000098580000)
 Metaspace       used 84468K, committed 86400K, reserved 1179648K
  class space    used 9749K, committed 10624K, reserved 1048576K
}
Event: 7141.059 GC heap before
{Heap before GC invocations=1732 (full 4):
 PSYoungGen      total 1536K, used 1279K [0x00000000d5580000, 0x00000000d5800000, 0x0000000100000000)
  eden space 1024K, 99% used [0x00000000d5580000,0x00000000d567fff0,0x00000000d5680000)
  from space 512K, 50% used [0x00000000d5700000,0x00000000d5740000,0x00000000d5780000)
  to   space 512K, 0% used [0x00000000d5780000,0x00000000d5780000,0x00000000d5800000)
 ParOldGen       total 398848K, used 93259K [0x0000000080000000, 0x0000000098580000, 0x00000000d5580000)
  object space 398848K, 23% used [0x0000000080000000,0x0000000085b12df8,0x0000000098580000)
 Metaspace       used 84470K, committed 86400K, reserved 1179648K
  class space    used 9749K, committed 10624K, reserved 1048576K
}
Event: 7141.069 GC heap after
{Heap after GC invocations=1732 (full 4):
 PSYoungGen      total 1536K, used 160K [0x00000000d5580000, 0x00000000d5800000, 0x0000000100000000)
  eden space 1024K, 0% used [0x00000000d5580000,0x00000000d5580000,0x00000000d5680000)
  from space 512K, 31% used [0x00000000d5780000,0x00000000d57a8000,0x00000000d5800000)
  to   space 512K, 0% used [0x00000000d5700000,0x00000000d5700000,0x00000000d5780000)
 ParOldGen       total 398848K, used 93283K [0x0000000080000000, 0x0000000098580000, 0x00000000d5580000)
  object space 398848K, 23% used [0x0000000080000000,0x0000000085b18df8,0x0000000098580000)
 Metaspace       used 84470K, committed 86400K, reserved 1179648K
  class space    used 9749K, committed 10624K, reserved 1048576K
}
Event: 7522.008 GC heap before
{Heap before GC invocations=1733 (full 4):
 PSYoungGen      total 1536K, used 1184K [0x00000000d5580000, 0x00000000d5800000, 0x0000000100000000)
  eden space 1024K, 100% used [0x00000000d5580000,0x00000000d5680000,0x00000000d5680000)
  from space 512K, 31% used [0x00000000d5780000,0x00000000d57a8000,0x00000000d5800000)
  to   space 512K, 0% used [0x00000000d5700000,0x00000000d5700000,0x00000000d5780000)
 ParOldGen       total 398848K, used 93283K [0x0000000080000000, 0x0000000098580000, 0x00000000d5580000)
  object space 398848K, 23% used [0x0000000080000000,0x0000000085b18df8,0x0000000098580000)
 Metaspace       used 84474K, committed 86400K, reserved 1179648K
  class space    used 9749K, committed 10624K, reserved 1048576K
}
Event: 7522.045 GC heap after
{Heap after GC invocations=1733 (full 4):
 PSYoungGen      total 1536K, used 256K [0x00000000d5580000, 0x00000000d5800000, 0x0000000100000000)
  eden space 1024K, 0% used [0x00000000d5580000,0x00000000d5580000,0x00000000d5680000)
  from space 512K, 50% used [0x00000000d5700000,0x00000000d5740000,0x00000000d5780000)
  to   space 512K, 0% used [0x00000000d5780000,0x00000000d5780000,0x00000000d5800000)
 ParOldGen       total 398848K, used 93331K [0x0000000080000000, 0x0000000098580000, 0x00000000d5580000)
  object space 398848K, 23% used [0x0000000080000000,0x0000000085b24df8,0x0000000098580000)
 Metaspace       used 84474K, committed 86400K, reserved 1179648K
  class space    used 9749K, committed 10624K, reserved 1048576K
}

